2019-03-24__17:32:42 1 / 29899 9957	 66%
2019-03-24__17:32:42 1 /boot 42 21	 51%
2019-03-24__17:32:42 0 disk 29941 9978 67%
 
2019-03-24__17:37:42 1 / 29899 9957	 66%
2019-03-24__17:37:42 1 /boot 42 21	 51%
2019-03-24__17:37:42 0 disk 29941 9978 67%
 
2019-03-24__17:42:42 1 / 29899 9957	 66%
2019-03-24__17:42:42 1 /boot 42 21	 51%
2019-03-24__17:42:42 0 disk 29941 9978 67%
 
2019-03-24__17:47:43 1 / 29899 9957	 66%
2019-03-24__17:47:43 1 /boot 42 21	 51%
2019-03-24__17:47:43 0 disk 29941 9978 67%
 
2019-03-24__17:52:43 1 / 29899 9957	 66%
2019-03-24__17:52:43 1 /boot 42 21	 51%
2019-03-24__17:52:43 0 disk 29941 9978 67%
 
2019-03-24__17:57:43 1 / 29899 9957	 66%
2019-03-24__17:57:43 1 /boot 42 21	 51%
2019-03-24__17:57:43 0 disk 29941 9978 67%
 
2019-03-24__18:02:43 1 / 29899 9957	 66%
2019-03-24__18:02:43 1 /boot 42 21	 51%
2019-03-24__18:02:43 0 disk 29941 9978 67%
 
2019-03-24__18:07:44 1 / 29899 9957	 66%
2019-03-24__18:07:44 1 /boot 42 21	 51%
2019-03-24__18:07:44 0 disk 29941 9978 67%
 
2019-03-24__18:12:44 1 / 29899 9957	 66%
2019-03-24__18:12:44 1 /boot 42 21	 51%
2019-03-24__18:12:44 0 disk 29941 9978 67%
 
2019-03-24__18:30:39 1 / 29899 9957	 66%
2019-03-24__18:30:39 1 /boot 42 21	 51%
2019-03-24__18:30:39 0 disk 29941 9978 67%
 
2019-03-24__18:44:49 1 / 29899 9957	 66%
2019-03-24__18:44:49 1 /boot 42 21	 51%
2019-03-24__18:44:49 0 disk 29941 9978 67%
 
2019-03-24__18:49:50 1 / 29899 9957	 66%
2019-03-24__18:49:50 1 /boot 42 21	 51%
2019-03-24__18:49:50 0 disk 29941 9978 67%
 
2019-03-24__18:54:50 1 / 29899 9957	 66%
2019-03-24__18:54:50 1 /boot 42 21	 51%
2019-03-24__18:54:50 0 disk 29941 9978 67%
 
2019-03-24__18:59:50 1 / 29899 9957	 66%
2019-03-24__18:59:50 1 /boot 42 21	 51%
2019-03-24__18:59:50 0 disk 29941 9978 67%
 
2019-03-24__19:04:50 1 / 29899 9957	 66%
2019-03-24__19:04:50 1 /boot 42 21	 51%
2019-03-24__19:04:50 0 disk 29941 9978 67%
 
2019-03-24__19:22:50 1 / 29899 9957	 66%
2019-03-24__19:22:50 1 /boot 42 21	 51%
2019-03-24__19:22:50 0 disk 29941 9978 67%
 
2019-03-24__19:27:50 1 / 29899 9957	 66%
2019-03-24__19:27:50 1 /boot 42 21	 51%
2019-03-24__19:27:50 0 disk 29941 9978 67%
 
2019-03-24__19:32:51 1 / 29899 9957	 66%
2019-03-24__19:32:51 1 /boot 42 21	 51%
2019-03-24__19:32:51 0 disk 29941 9978 67%
 
2019-03-24__19:44:59 1 / 29899 9957	 66%
2019-03-24__19:44:59 1 /boot 42 21	 51%
2019-03-24__19:44:59 0 disk 29941 9978 67%
 
2019-03-24__19:54:56 1 / 29899 9957	 66%
2019-03-24__19:54:56 1 /boot 42 21	 51%
2019-03-24__19:54:56 0 disk 29941 9978 67%
 
2019-03-24__19:59:56 1 / 29899 9957	 66%
2019-03-24__19:59:56 1 /boot 42 21	 51%
2019-03-24__19:59:56 0 disk 29941 9978 67%
 
2019-03-24__20:24:23 1 / 29899 9957	 66%
2019-03-24__20:24:23 1 /boot 42 21	 51%
2019-03-24__20:24:23 0 disk 29941 9978 67%
 
2019-03-24__20:29:44 1 / 29899 9957	 66%
2019-03-24__20:29:44 1 /boot 42 21	 51%
2019-03-24__20:29:44 0 disk 29941 9978 67%
 
2019-03-24__20:34:44 1 / 29899 9957	 66%
2019-03-24__20:34:44 1 /boot 42 21	 51%
2019-03-24__20:34:44 0 disk 29941 9978 67%
 
2019-03-24__20:39:44 1 / 29899 9957	 66%
2019-03-24__20:39:44 1 /boot 42 21	 51%
2019-03-24__20:39:44 0 disk 29941 9978 67%
 
2019-03-24__20:44:44 1 / 29899 9957	 66%
2019-03-24__20:44:44 1 /boot 42 21	 51%
2019-03-24__20:44:44 0 disk 29941 9978 67%
 
2019-03-24__20:49:44 1 / 29899 9957	 66%
2019-03-24__20:49:44 1 /boot 42 21	 51%
2019-03-24__20:49:44 0 disk 29941 9978 67%
 
2019-03-24__20:54:45 1 / 29899 9957	 66%
2019-03-24__20:54:45 1 /boot 42 21	 51%
2019-03-24__20:54:45 0 disk 29941 9978 67%
 
2019-03-24__20:59:45 1 / 29899 9957	 66%
2019-03-24__20:59:45 1 /boot 42 21	 51%
2019-03-24__20:59:45 0 disk 29941 9978 67%
 
2019-03-24__21:04:45 1 / 29899 9957	 66%
2019-03-24__21:04:45 1 /boot 42 21	 51%
2019-03-24__21:04:45 0 disk 29941 9978 67%
 
2019-03-24__21:09:45 1 / 29899 9957	 66%
2019-03-24__21:09:45 1 /boot 42 21	 51%
2019-03-24__21:09:45 0 disk 29941 9978 67%
 
2019-03-24__21:14:45 1 / 29899 9957	 66%
2019-03-24__21:14:45 1 /boot 42 21	 51%
2019-03-24__21:14:45 0 disk 29941 9978 67%
 
2019-03-24__21:19:46 1 / 29899 9957	 66%
2019-03-24__21:19:46 1 /boot 42 21	 51%
2019-03-24__21:19:46 0 disk 29941 9978 67%
 
2019-03-26__19:24:46 1 / 29899 9958	 66%
2019-03-26__19:24:46 1 /boot 42 21	 51%
2019-03-26__19:24:46 0 disk 29941 9979 67%
 
2019-03-26__19:29:46 1 / 29899 9958	 66%
2019-03-26__19:29:46 1 /boot 42 21	 51%
2019-03-26__19:29:46 0 disk 29941 9979 67%
 
2019-03-26__19:34:46 1 / 29899 9958	 66%
2019-03-26__19:34:46 1 /boot 42 21	 51%
2019-03-26__19:34:46 0 disk 29941 9979 67%
 
2019-03-26__19:47:06 1 / 29899 9958	 66%
2019-03-26__19:47:06 1 /boot 42 21	 51%
2019-03-26__19:47:06 0 disk 29941 9979 67%
 
2019-03-26__20:26:45 1 / 29899 9958	 66%
2019-03-26__20:26:45 1 /boot 42 21	 51%
2019-03-26__20:26:45 0 disk 29941 9979 67%
 
2019-03-26__20:31:46 1 / 29899 9958	 66%
2019-03-26__20:31:46 1 /boot 42 21	 51%
2019-03-26__20:31:46 0 disk 29941 9979 67%
 
2019-03-26__20:36:46 1 / 29899 9958	 66%
2019-03-26__20:36:46 1 /boot 42 21	 51%
2019-03-26__20:36:46 0 disk 29941 9979 67%
 
2019-03-26__20:41:46 1 / 29899 9958	 66%
2019-03-26__20:41:46 1 /boot 42 21	 51%
2019-03-26__20:41:46 0 disk 29941 9979 67%
 
2019-03-26__20:46:46 1 / 29899 9958	 66%
2019-03-26__20:46:46 1 /boot 42 21	 51%
2019-03-26__20:46:46 0 disk 29941 9979 67%
 
2019-03-26__20:51:47 1 / 29899 9958	 66%
2019-03-26__20:51:47 1 /boot 42 21	 51%
2019-03-26__20:51:47 0 disk 29941 9979 67%
 
2019-03-26__20:56:47 1 / 29899 9958	 66%
2019-03-26__20:56:47 1 /boot 42 21	 51%
2019-03-26__20:56:47 0 disk 29941 9979 67%
 
2019-03-26__21:01:47 1 / 29899 9958	 66%
2019-03-26__21:01:47 1 /boot 42 21	 51%
2019-03-26__21:01:47 0 disk 29941 9979 67%
 
2019-03-26__21:06:47 1 / 29899 9958	 66%
2019-03-26__21:06:47 1 /boot 42 21	 51%
2019-03-26__21:06:47 0 disk 29941 9979 67%
 
2019-03-26__21:11:48 1 / 29899 9958	 66%
2019-03-26__21:11:48 1 /boot 42 21	 51%
2019-03-26__21:11:48 0 disk 29941 9979 67%
 
2019-03-26__21:16:48 1 / 29899 9958	 66%
2019-03-26__21:16:48 1 /boot 42 21	 51%
2019-03-26__21:16:48 0 disk 29941 9979 67%
 
2019-03-26__21:21:48 1 / 29899 9958	 66%
2019-03-26__21:21:48 1 /boot 42 21	 51%
2019-03-26__21:21:48 0 disk 29941 9979 67%
 
2019-03-28__18:42:23 1 / 29899 9958	 66%
2019-03-28__18:42:23 1 /boot 42 21	 51%
2019-03-28__18:42:23 0 disk 29941 9979 67%
 
2019-03-28__19:05:39 1 / 29899 9922	 66%
2019-03-28__19:05:39 1 /boot 42 21	 51%
2019-03-28__19:05:39 0 disk 29941 9943 67%
 
2019-03-28__19:14:17 1 / 29899 9922	 66%
2019-03-28__19:14:17 1 /boot 42 21	 51%
2019-03-28__19:14:17 0 disk 29941 9943 67%
 
2019-03-28__19:19:17 1 / 29899 9922	 66%
2019-03-28__19:19:17 1 /boot 42 21	 51%
2019-03-28__19:19:17 0 disk 29941 9943 67%
 
2019-03-28__19:25:45 1 / 29899 9921	 66%
2019-03-28__19:25:45 1 /boot 42 21	 51%
2019-03-28__19:25:45 0 disk 29941 9942 67%
 
2019-03-28__19:37:18 1 / 29899 9921	 66%
2019-03-28__19:37:18 1 /boot 42 21	 51%
2019-03-28__19:37:18 0 disk 29941 9942 67%
 
2019-03-28__19:43:31 1 / 29899 9921	 66%
2019-03-28__19:43:31 1 /boot 42 21	 51%
2019-03-28__19:43:31 0 disk 29941 9942 67%
 
2019-03-28__19:48:31 1 / 29899 9921	 66%
2019-03-28__19:48:31 1 /boot 42 21	 51%
2019-03-28__19:48:31 0 disk 29941 9942 67%
 
2019-03-28__20:08:21 1 / 29899 8905	 69%
2019-03-28__20:08:21 1 /boot 42 21	 51%
2019-03-28__20:08:21 0 disk 29941 8926 71%
 
2019-03-28__20:13:21 1 / 29899 8905	 69%
2019-03-28__20:13:21 1 /boot 42 21	 51%
2019-03-28__20:13:21 0 disk 29941 8926 71%
 
2019-03-28__20:18:21 1 / 29899 8905	 69%
2019-03-28__20:18:21 1 /boot 42 21	 51%
2019-03-28__20:18:21 0 disk 29941 8926 71%
 
2019-03-28__20:23:22 1 / 29899 8905	 69%
2019-03-28__20:23:22 1 /boot 42 21	 51%
2019-03-28__20:23:22 0 disk 29941 8926 71%
 
2019-03-28__20:28:22 1 / 29899 8905	 69%
2019-03-28__20:28:22 1 /boot 42 21	 51%
2019-03-28__20:28:22 0 disk 29941 8926 71%
 
2019-03-28__20:33:22 1 / 29899 8905	 69%
2019-03-28__20:33:22 1 /boot 42 21	 51%
2019-03-28__20:33:22 0 disk 29941 8926 71%
 
2019-03-28__20:38:22 1 / 29899 8905	 69%
2019-03-28__20:38:22 1 /boot 42 21	 51%
2019-03-28__20:38:22 0 disk 29941 8926 71%
 
2019-03-28__20:43:22 1 / 29899 8905	 69%
2019-03-28__20:43:22 1 /boot 42 21	 51%
2019-03-28__20:43:22 0 disk 29941 8926 71%
 
2019-03-28__20:48:23 1 / 29899 8116	 72%
2019-03-28__20:48:23 1 /boot 42 21	 51%
2019-03-28__20:48:23 0 disk 29941 8137 73%
 
2019-03-28__20:53:23 1 / 29899 8116	 72%
2019-03-28__20:53:23 1 /boot 42 21	 51%
2019-03-28__20:53:23 0 disk 29941 8137 73%
 
2019-03-30__11:29:16 1 / 29899 8094	 72%
2019-03-30__11:29:16 1 /boot 42 21	 51%
2019-03-30__11:29:16 0 disk 29941 8115 73%
 
2019-03-30__11:34:16 1 / 29899 8093	 72%
2019-03-30__11:34:16 1 /boot 42 21	 51%
2019-03-30__11:34:16 0 disk 29941 8114 73%
 
2019-03-30__11:43:58 1 / 29899 8093	 72%
2019-03-30__11:43:58 1 /boot 42 21	 51%
2019-03-30__11:43:58 0 disk 29941 8114 73%
 
2019-03-30__11:48:58 1 / 29899 8093	 72%
2019-03-30__11:48:58 1 /boot 42 21	 51%
2019-03-30__11:48:58 0 disk 29941 8114 73%
 
2019-03-30__11:53:59 1 / 29899 8093	 72%
2019-03-30__11:53:59 1 /boot 42 21	 51%
2019-03-30__11:53:59 0 disk 29941 8114 73%
 
2019-03-30__11:58:59 1 / 29899 8093	 72%
2019-03-30__11:58:59 1 /boot 42 21	 51%
2019-03-30__11:58:59 0 disk 29941 8114 73%
 
2019-03-30__12:03:59 1 / 29899 8093	 72%
2019-03-30__12:03:59 1 /boot 42 21	 51%
2019-03-30__12:03:59 0 disk 29941 8114 73%
 
2019-03-30__12:08:59 1 / 29899 8093	 72%
2019-03-30__12:08:59 1 /boot 42 21	 51%
2019-03-30__12:08:59 0 disk 29941 8114 73%
 
2019-03-30__12:13:59 1 / 29899 8093	 72%
2019-03-30__12:13:59 1 /boot 42 21	 51%
2019-03-30__12:13:59 0 disk 29941 8114 73%
 
2019-03-30__16:54:15 1 / 29899 8087	 72%
2019-03-30__16:54:15 1 /boot 42 21	 51%
2019-03-30__16:54:15 0 disk 29941 8108 73%
 
2019-03-30__16:59:15 1 / 29899 8087	 72%
2019-03-30__16:59:15 1 /boot 42 21	 51%
2019-03-30__16:59:15 0 disk 29941 8108 73%
 
2019-03-30__17:04:17 1 / 29899 8087	 72%
2019-03-30__17:04:17 1 /boot 42 21	 51%
2019-03-30__17:04:17 0 disk 29941 8108 73%
 
2019-03-30__17:09:17 1 / 29899 8087	 72%
2019-03-30__17:09:17 1 /boot 42 21	 51%
2019-03-30__17:09:17 0 disk 29941 8108 73%
 
2019-03-30__17:14:17 1 / 29899 8087	 72%
2019-03-30__17:14:17 1 /boot 42 21	 51%
2019-03-30__17:14:17 0 disk 29941 8108 73%
 
2019-03-30__17:19:18 1 / 29899 8087	 72%
2019-03-30__17:19:18 1 /boot 42 21	 51%
2019-03-30__17:19:18 0 disk 29941 8108 73%
 
2019-03-30__17:24:19 1 / 29899 8087	 72%
2019-03-30__17:24:19 1 /boot 42 21	 51%
2019-03-30__17:24:19 0 disk 29941 8108 73%
 
2019-03-30__17:29:20 1 / 29899 8087	 72%
2019-03-30__17:29:20 1 /boot 42 21	 51%
2019-03-30__17:29:20 0 disk 29941 8108 73%
 
2019-03-30__17:34:21 1 / 29899 8087	 72%
2019-03-30__17:34:21 1 /boot 42 21	 51%
2019-03-30__17:34:21 0 disk 29941 8108 73%
 
2019-03-30__17:39:22 1 / 29899 8086	 72%
2019-03-30__17:39:22 1 /boot 42 21	 51%
2019-03-30__17:39:22 0 disk 29941 8107 73%
 
2019-03-30__17:44:23 1 / 29899 8086	 72%
2019-03-30__17:44:23 1 /boot 42 21	 51%
2019-03-30__17:44:23 0 disk 29941 8107 73%
 
2019-03-30__17:49:24 1 / 29899 8086	 72%
2019-03-30__17:49:24 1 /boot 42 21	 51%
2019-03-30__17:49:24 0 disk 29941 8107 73%
 
2019-03-30__17:54:26 1 / 29899 8086	 72%
2019-03-30__17:54:26 1 /boot 42 21	 51%
2019-03-30__17:54:26 0 disk 29941 8107 73%
 
2019-03-31__16:52:57 1 / 29899 8094	 72%
2019-03-31__16:52:57 1 /boot 42 21	 51%
2019-03-31__16:52:57 0 disk 29941 8115 73%
 
2019-03-31__16:57:58 1 / 29899 8094	 72%
2019-03-31__16:57:58 1 /boot 42 21	 51%
2019-03-31__16:57:58 0 disk 29941 8115 73%
 
2019-03-31__17:02:59 1 / 29899 8094	 72%
2019-03-31__17:02:59 1 /boot 42 21	 51%
2019-03-31__17:02:59 0 disk 29941 8115 73%
 
2019-03-31__17:08:00 1 / 29899 8094	 72%
2019-03-31__17:08:00 1 /boot 42 21	 51%
2019-03-31__17:08:00 0 disk 29941 8115 73%
 
2019-03-31__17:13:01 1 / 29899 8094	 72%
2019-03-31__17:13:01 1 /boot 42 21	 51%
2019-03-31__17:13:01 0 disk 29941 8115 73%
 
2019-03-31__17:18:02 1 / 29899 8094	 72%
2019-03-31__17:18:02 1 /boot 42 21	 51%
2019-03-31__17:18:02 0 disk 29941 8115 73%
 
2019-03-31__17:23:03 1 / 29899 8094	 72%
2019-03-31__17:23:03 1 /boot 42 21	 51%
2019-03-31__17:23:03 0 disk 29941 8115 73%
 
2019-03-31__17:28:05 1 / 29899 8094	 72%
2019-03-31__17:28:05 1 /boot 42 21	 51%
2019-03-31__17:28:05 0 disk 29941 8115 73%
 
2019-03-31__17:33:06 1 / 29899 8094	 72%
2019-03-31__17:33:06 1 /boot 42 21	 51%
2019-03-31__17:33:06 0 disk 29941 8115 73%
 
2019-03-31__17:38:07 1 / 29899 8094	 72%
2019-03-31__17:38:07 1 /boot 42 21	 51%
2019-03-31__17:38:07 0 disk 29941 8115 73%
 
2019-03-31__17:43:08 1 / 29899 8094	 72%
2019-03-31__17:43:08 1 /boot 42 21	 51%
2019-03-31__17:43:08 0 disk 29941 8115 73%
 
2019-03-31__17:48:09 1 / 29899 8094	 72%
2019-03-31__17:48:09 1 /boot 42 21	 51%
2019-03-31__17:48:09 0 disk 29941 8115 73%
 
2019-03-31__17:53:10 1 / 29899 8094	 72%
2019-03-31__17:53:10 1 /boot 42 21	 51%
2019-03-31__17:53:10 0 disk 29941 8115 73%
 
2019-03-31__17:58:11 1 / 29899 8094	 72%
2019-03-31__17:58:11 1 /boot 42 21	 51%
2019-03-31__17:58:11 0 disk 29941 8115 73%
 
2019-03-31__18:03:13 1 / 29899 8094	 72%
2019-03-31__18:03:13 1 /boot 42 21	 51%
2019-03-31__18:03:13 0 disk 29941 8115 73%
 
2019-03-31__18:08:14 1 / 29899 8094	 72%
2019-03-31__18:08:14 1 /boot 42 21	 51%
2019-03-31__18:08:14 0 disk 29941 8115 73%
 
2019-03-31__18:13:15 1 / 29899 8094	 72%
2019-03-31__18:13:15 1 /boot 42 21	 51%
2019-03-31__18:13:15 0 disk 29941 8115 73%
 
2019-03-31__18:18:16 1 / 29899 8077	 72%
2019-03-31__18:18:16 1 /boot 42 21	 51%
2019-03-31__18:18:16 0 disk 29941 8098 73%
 
2019-03-31__18:23:17 1 / 29899 8062	 72%
2019-03-31__18:23:17 1 /boot 42 21	 51%
2019-03-31__18:23:17 0 disk 29941 8083 74%
 
2019-03-31__18:28:18 1 / 29899 8062	 72%
2019-03-31__18:28:18 1 /boot 42 21	 51%
2019-03-31__18:28:18 0 disk 29941 8083 74%
 
2019-03-31__18:33:20 1 / 29899 8065	 72%
2019-03-31__18:33:20 1 /boot 42 21	 51%
2019-03-31__18:33:20 0 disk 29941 8086 73%
 
2019-04-02__19:49:49 1 / 29899 8098	 72%
2019-04-02__19:49:49 1 /boot 42 21	 51%
2019-04-02__19:49:49 0 disk 29941 8119 73%
 
2019-04-02__19:54:50 1 / 29899 8098	 72%
2019-04-02__19:54:50 1 /boot 42 21	 51%
2019-04-02__19:54:50 0 disk 29941 8119 73%
 
2019-04-02__19:59:50 1 / 29899 8098	 72%
2019-04-02__19:59:50 1 /boot 42 21	 51%
2019-04-02__19:59:50 0 disk 29941 8119 73%
 
2019-04-02__20:04:50 1 / 29899 8098	 72%
2019-04-02__20:04:50 1 /boot 42 21	 51%
2019-04-02__20:04:50 0 disk 29941 8119 73%
 
2019-04-02__20:09:50 1 / 29899 8098	 72%
2019-04-02__20:09:50 1 /boot 42 21	 51%
2019-04-02__20:09:50 0 disk 29941 8119 73%
 
2019-04-02__20:28:58 1 / 29899 8098	 72%
2019-04-02__20:28:58 1 /boot 42 21	 51%
2019-04-02__20:28:58 0 disk 29941 8119 73%
 
2019-04-02__20:33:58 1 / 29899 8098	 72%
2019-04-02__20:33:58 1 /boot 42 21	 51%
2019-04-02__20:33:58 0 disk 29941 8119 73%
 
2019-04-02__20:45:22 1 / 29899 8098	 72%
2019-04-02__20:45:22 1 /boot 42 21	 51%
2019-04-02__20:45:22 0 disk 29941 8119 73%
 
2019-04-02__21:15:35 1 / 29899 8097	 72%
2019-04-02__21:15:35 1 /boot 42 21	 51%
2019-04-02__21:15:35 0 disk 29941 8118 73%
 
2019-04-02__21:20:35 1 / 29899 8097	 72%
2019-04-02__21:20:35 1 /boot 42 21	 51%
2019-04-02__21:20:35 0 disk 29941 8118 73%
 
2019-04-02__21:25:36 1 / 29899 8097	 72%
2019-04-02__21:25:36 1 /boot 42 21	 51%
2019-04-02__21:25:36 0 disk 29941 8118 73%
 
2019-04-02__21:30:36 1 / 29899 8097	 72%
2019-04-02__21:30:36 1 /boot 42 21	 51%
2019-04-02__21:30:36 0 disk 29941 8118 73%
 
2019-04-02__21:50:51 1 / 29899 8097	 72%
2019-04-02__21:50:51 1 /boot 42 21	 51%
2019-04-02__21:50:51 0 disk 29941 8118 73%
 
2019-04-02__21:55:52 1 / 29899 8097	 72%
2019-04-02__21:55:52 1 /boot 42 21	 51%
2019-04-02__21:55:52 0 disk 29941 8118 73%
 
2019-04-02__22:00:52 1 / 29899 8097	 72%
2019-04-02__22:00:52 1 /boot 42 21	 51%
2019-04-02__22:00:52 0 disk 29941 8118 73%
 
2019-04-02__22:05:52 1 / 29899 8097	 72%
2019-04-02__22:05:52 1 /boot 42 21	 51%
2019-04-02__22:05:52 0 disk 29941 8118 73%
 
2019-04-02__22:10:52 1 / 29899 8097	 72%
2019-04-02__22:10:52 1 /boot 42 21	 51%
2019-04-02__22:10:52 0 disk 29941 8118 73%
 
2019-04-02__22:21:04 1 / 29899 8097	 72%
2019-04-02__22:21:04 1 /boot 42 21	 51%
2019-04-02__22:21:04 0 disk 29941 8118 73%
 
2019-04-02__22:26:04 1 / 29899 8097	 72%
2019-04-02__22:26:04 1 /boot 42 21	 51%
2019-04-02__22:26:04 0 disk 29941 8118 73%
 
2019-04-02__22:31:05 1 / 29899 8097	 72%
2019-04-02__22:31:05 1 /boot 42 21	 51%
2019-04-02__22:31:05 0 disk 29941 8118 73%
 
2019-04-03__15:26:31 1 / 29899 8097	 72%
2019-04-03__15:26:31 1 /boot 42 21	 51%
2019-04-03__15:26:31 0 disk 29941 8118 73%
 
2019-04-03__15:31:31 1 / 29899 8097	 72%
2019-04-03__15:31:31 1 /boot 42 21	 51%
2019-04-03__15:31:31 0 disk 29941 8118 73%
 
2019-04-03__15:55:00 1 / 29899 8097	 72%
2019-04-03__15:55:00 1 /boot 42 21	 51%
2019-04-03__15:55:00 0 disk 29941 8118 73%
 
2019-04-03__16:00:00 1 / 29899 8097	 72%
2019-04-03__16:00:00 1 /boot 42 21	 51%
2019-04-03__16:00:00 0 disk 29941 8118 73%
 
2019-04-03__16:10:26 1 / 29899 8097	 72%
2019-04-03__16:10:26 1 /boot 42 21	 51%
2019-04-03__16:10:26 0 disk 29941 8118 73%
 
