2019-03-24__17:32:42 pi2 Raspbian_GNU/Linux_9 4.9.41-v7+ up_7_weeks,_2_days,_5_hours,_28_minutes 0.07 0.15 0.32 29941 33% 927 14% 49.92 normal normal normal
2019-03-24__17:37:43 pi2 Raspbian_GNU/Linux_9 4.9.41-v7+ up_7_weeks,_2_days,_5_hours,_33_minutes 0.45 0.29 0.32 29941 33% 927 14% 49.92 normal normal normal
2019-03-24__17:42:44 pi2 Raspbian_GNU/Linux_9 4.9.41-v7+ up_7_weeks,_2_days,_5_hours,_38_minutes 0.08 0.17 0.25 29941 33% 927 14% 50.46 normal normal note
2019-03-24__17:47:45 pi2 Raspbian_GNU/Linux_9 4.9.41-v7+ up_7_weeks,_2_days,_5_hours,_43_minutes 0.06 0.19 0.25 29941 33% 927 14% 50.46 normal normal note
2019-03-24__17:52:45 pi2 Raspbian_GNU/Linux_9 4.9.41-v7+ up_7_weeks,_2_days,_5_hours,_48_minutes 0.17 0.18 0.22 29941 33% 927 14% 50.46 normal normal note
2019-03-24__17:57:46 pi2 Raspbian_GNU/Linux_9 4.9.41-v7+ up_7_weeks,_2_days,_5_hours,_53_minutes 0.10 0.13 0.18 29941 33% 927 14% 50.46 normal normal note
2019-03-24__18:02:47 pi2 Raspbian_GNU/Linux_9 4.9.41-v7+ up_7_weeks,_2_days,_5_hours,_58_minutes 0.07 0.13 0.17 29941 33% 927 14% 50.46 normal normal note
2019-03-24__18:07:48 pi2 Raspbian_GNU/Linux_9 4.9.41-v7+ up_7_weeks,_2_days,_6_hours,_3_minutes 0.30 0.19 0.18 29941 33% 927 14% 51.54 normal normal note
2019-03-24__18:12:48 pi2 Raspbian_GNU/Linux_9 4.9.41-v7+ up_7_weeks,_2_days,_6_hours,_8_minutes 0.07 0.10 0.14 29941 33% 927 13% 51.54 normal normal note
2019-03-24__18:30:39 pi2 Raspbian_GNU/Linux_9 4.9.41-v7+ up_7_weeks,_2_days,_6_hours,_26_minutes 0.38 0.52 0.39 29941 33% 927 14% 53.15 normal normal note
2019-03-24__18:44:50 pi2 Raspbian_GNU/Linux_9 4.9.41-v7+ up_7_weeks,_2_days,_6_hours,_40_minutes 0.45 0.54 0.53 29941 33% 927 15% 54.23 normal normal note
2019-03-24__18:49:51 pi2 Raspbian_GNU/Linux_9 4.9.41-v7+ up_7_weeks,_2_days,_6_hours,_45_minutes 0.22 0.30 0.42 29941 33% 927 15% 50.46 normal normal note
2019-03-24__18:54:51 pi2 Raspbian_GNU/Linux_9 4.9.41-v7+ up_7_weeks,_2_days,_6_hours,_50_minutes 0.19 0.21 0.34 29941 33% 927 15% 51.00 normal normal note
2019-03-24__18:59:52 pi2 Raspbian_GNU/Linux_9 4.9.41-v7+ up_7_weeks,_2_days,_6_hours,_55_minutes 0.28 0.22 0.29 29941 33% 927 15% 50.46 normal normal note
2019-03-24__19:04:53 pi2 Raspbian_GNU/Linux_9 4.9.41-v7+ up_7_weeks,_2_days,_7_hours 0.05 0.14 0.24 29941 33% 927 15% 50.46 normal normal note
2019-03-24__19:22:50 pi2 Raspbian_GNU/Linux_9 4.9.41-v7+ up_7_weeks,_2_days,_7_hours,_18_minutes 0.43 0.33 0.25 29941 33% 927 15% 55.84 normal normal note
2019-03-24__19:27:51 pi2 Raspbian_GNU/Linux_9 4.9.41-v7+ up_7_weeks,_2_days,_7_hours,_23_minutes 0.06 0.21 0.23 29941 33% 927 15% 50.46 normal normal note
2019-03-24__19:32:52 pi2 Raspbian_GNU/Linux_9 4.9.41-v7+ up_7_weeks,_2_days,_7_hours,_28_minutes 0.19 0.19 0.20 29941 33% 927 15% 49.92 normal normal normal
2019-03-24__19:45:00 pi2 Raspbian_GNU/Linux_9 4.9.41-v7+ up_7_weeks,_2_days,_7_hours,_40_minutes 0.10 0.14 0.17 29941 33% 927 15% 51.54 normal normal note
2019-03-24__19:54:57 pi2 Raspbian_GNU/Linux_9 4.9.41-v7+ up_7_weeks,_2_days,_7_hours,_50_minutes 0.29 0.21 0.19 29941 33% 927 15% 50.46 normal normal note
2019-03-24__19:59:57 pi2 Raspbian_GNU/Linux_9 4.9.41-v7+ up_7_weeks,_2_days,_7_hours,_55_minutes 0.09 0.15 0.17 29941 33% 927 15% 49.38 normal normal normal
2019-03-24__20:24:24 pi2 Raspbian_GNU/Linux_9 4.9.41-v7+ up_7_weeks,_2_days,_8_hours,_19_minutes 0.58 0.33 0.23 29941 33% 927 15% 55.84 normal normal note
2019-03-24__20:29:44 pi2 Raspbian_GNU/Linux_9 4.9.41-v7+ up_7_weeks,_2_days,_8_hours,_25_minutes 0.27 0.26 0.22 29941 33% 927 15% 50.46 normal normal note
2019-03-24__20:34:45 pi2 Raspbian_GNU/Linux_9 4.9.41-v7+ up_7_weeks,_2_days,_8_hours,_30_minutes 0.39 0.37 0.28 29941 33% 927 15% 49.92 normal normal normal
2019-03-24__20:39:45 pi2 Raspbian_GNU/Linux_9 4.9.41-v7+ up_7_weeks,_2_days,_8_hours,_35_minutes 0.04 0.16 0.20 29941 33% 927 15% 50.46 normal normal note
2019-03-24__20:44:46 pi2 Raspbian_GNU/Linux_9 4.9.41-v7+ up_7_weeks,_2_days,_8_hours,_40_minutes 0.13 0.16 0.18 29941 33% 927 15% 50.46 normal normal note
2019-03-24__20:49:47 pi2 Raspbian_GNU/Linux_9 4.9.41-v7+ up_7_weeks,_2_days,_8_hours,_45_minutes 0.47 0.26 0.20 29941 33% 927 16% 51.00 normal normal note
2019-03-24__20:54:47 pi2 Raspbian_GNU/Linux_9 4.9.41-v7+ up_7_weeks,_2_days,_8_hours,_50_minutes 0.36 0.30 0.23 29941 33% 927 16% 51.00 normal normal note
2019-03-24__20:59:48 pi2 Raspbian_GNU/Linux_9 4.9.41-v7+ up_7_weeks,_2_days,_8_hours,_55_minutes 0.19 0.22 0.21 29941 33% 927 16% 50.46 normal normal note
2019-03-24__21:04:49 pi2 Raspbian_GNU/Linux_9 4.9.41-v7+ up_7_weeks,_2_days,_9_hours 0.05 0.11 0.16 29941 33% 927 16% 49.92 normal normal normal
2019-03-24__21:09:49 pi2 Raspbian_GNU/Linux_9 4.9.41-v7+ up_7_weeks,_2_days,_9_hours,_5_minutes 0.19 0.21 0.18 29941 33% 927 16% 51.00 normal normal note
2019-03-24__21:14:50 pi2 Raspbian_GNU/Linux_9 4.9.41-v7+ up_7_weeks,_2_days,_9_hours,_10_minutes 0.32 0.25 0.20 29941 33% 927 16% 51.00 normal normal note
2019-03-24__21:19:50 pi2 Raspbian_GNU/Linux_9 4.9.41-v7+ up_7_weeks,_2_days,_9_hours,_15_minutes 0.22 0.21 0.18 29941 33% 927 16% 49.92 normal normal normal
2019-03-26__19:24:46 pi2 Raspbian_GNU/Linux_9 4.9.41-v7+ up_7_weeks,_4_days,_7_hours,_20_minutes 0.23 0.32 0.19 29941 33% 927 12% 50.46 normal normal note
2019-03-26__19:29:47 pi2 Raspbian_GNU/Linux_9 4.9.41-v7+ up_7_weeks,_4_days,_7_hours,_25_minutes 0.11 0.20 0.17 29941 33% 927 12% 52.07 normal normal note
2019-03-26__19:34:47 pi2 Raspbian_GNU/Linux_9 4.9.41-v7+ up_7_weeks,_4_days,_7_hours,_30_minutes 0.09 0.16 0.17 29941 33% 927 12% 51.54 normal normal note
2019-03-26__19:47:06 pi2 Raspbian_GNU/Linux_9 4.9.41-v7+ up_7_weeks,_4_days,_7_hours,_42_minutes 0.34 0.17 0.16 29941 33% 927 11% 50.46 normal normal note
2019-03-26__20:26:46 pi2 Raspbian_GNU/Linux_9 4.9.41-v7+ up_7_weeks,_4_days,_8_hours,_22_minutes 0.33 0.22 0.19 29941 33% 927 13% 50.46 normal normal note
2019-03-26__20:31:47 pi2 Raspbian_GNU/Linux_9 4.9.41-v7+ up_7_weeks,_4_days,_8_hours,_27_minutes 0.07 0.15 0.17 29941 33% 927 13% 49.92 normal normal normal
2019-03-26__20:36:47 pi2 Raspbian_GNU/Linux_9 4.9.41-v7+ up_7_weeks,_4_days,_8_hours,_32_minutes 0.20 0.20 0.18 29941 33% 927 13% 49.38 normal normal normal
2019-03-26__20:41:48 pi2 Raspbian_GNU/Linux_9 4.9.41-v7+ up_7_weeks,_4_days,_8_hours,_37_minutes 0.26 0.21 0.18 29941 33% 927 13% 50.46 normal normal note
2019-03-26__20:46:49 pi2 Raspbian_GNU/Linux_9 4.9.41-v7+ up_7_weeks,_4_days,_8_hours,_42_minutes 0.07 0.14 0.16 29941 33% 927 13% 49.38 normal normal normal
2019-03-26__20:51:49 pi2 Raspbian_GNU/Linux_9 4.9.41-v7+ up_7_weeks,_4_days,_8_hours,_47_minutes 0.11 0.19 0.18 29941 33% 927 13% 50.46 normal normal note
2019-03-26__20:56:50 pi2 Raspbian_GNU/Linux_9 4.9.41-v7+ up_7_weeks,_4_days,_8_hours,_52_minutes 0.16 0.17 0.17 29941 33% 927 13% 50.46 normal normal note
2019-03-26__21:01:50 pi2 Raspbian_GNU/Linux_9 4.9.41-v7+ up_7_weeks,_4_days,_8_hours,_57_minutes 0.09 0.12 0.15 29941 33% 927 13% 49.92 normal normal normal
2019-03-26__21:06:51 pi2 Raspbian_GNU/Linux_9 4.9.41-v7+ up_7_weeks,_4_days,_9_hours,_2_minutes 0.13 0.14 0.15 29941 33% 927 13% 49.38 normal normal normal
2019-03-26__21:11:52 pi2 Raspbian_GNU/Linux_9 4.9.41-v7+ up_7_weeks,_4_days,_9_hours,_7_minutes 0.29 0.25 0.18 29941 33% 927 13% 49.92 normal normal normal
2019-03-26__21:16:53 pi2 Raspbian_GNU/Linux_9 4.9.41-v7+ up_7_weeks,_4_days,_9_hours,_12_minutes 0.06 0.19 0.17 29941 33% 927 13% 49.38 normal normal normal
2019-03-26__21:21:53 pi2 Raspbian_GNU/Linux_9 4.9.41-v7+ up_7_weeks,_4_days,_9_hours,_17_minutes 0.11 0.14 0.15 29941 33% 927 13% 49.92 normal normal normal
2019-03-28__18:42:23 pi2 Raspbian_GNU/Linux_9 4.9.41-v7+ up_11_hours,_45_minutes 0.34 0.28 0.21 29941 33% 927 8% 52.07 normal normal note
2019-03-28__19:05:39 pi2 Raspbian_GNU/Linux_9 4.9.41-v7+ up_12_hours,_9_minutes 0.24 0.24 0.20 29941 33% 927 10% 50.46 normal normal note
2019-03-28__19:14:18 pi2 Raspbian_GNU/Linux_9 4.9.41-v7+ up_12_hours,_17_minutes 0.27 0.21 0.19 29941 33% 927 9% 50.46 normal normal note
2019-03-28__19:19:18 pi2 Raspbian_GNU/Linux_9 4.9.41-v7+ up_12_hours,_22_minutes 0.39 0.27 0.21 29941 33% 927 10% 51.00 normal normal note
2019-03-28__19:25:46 pi2 Raspbian_GNU/Linux_9 4.9.41-v7+ up_12_hours,_29_minutes 0.04 0.23 0.23 29941 33% 927 10% 52.61 normal normal note
2019-03-28__19:37:19 pi2 Raspbian_GNU/Linux_9 4.9.41-v7+ up_12_hours,_40_minutes 0.62 0.35 0.26 29941 33% 927 9% 49.38 normal normal normal
2019-03-28__19:43:32 pi2 Raspbian_GNU/Linux_9 4.9.41-v7+ up_12_hours,_47_minutes 0.47 0.74 0.48 29941 33% 927 10% 51.54 normal normal note
2019-03-28__19:48:32 pi2 Raspbian_GNU/Linux_9 4.9.41-v7+ up_12_hours,_52_minutes 0.29 0.41 0.40 29941 33% 927 10% 51.00 normal normal note
2019-03-28__20:08:21 pi2 Raspbian_GNU/Linux_9 4.9.41-v7+ up_7_minutes 0.15 0.23 0.13 29941 29% 927 8% 50.46 normal normal note
2019-03-28__20:13:22 pi2 Raspbian_GNU/Linux_9 4.9.41-v7+ up_12_minutes 0.64 0.38 0.21 29941 29% 927 8% 49.92 normal normal normal
2019-03-28__20:18:23 pi2 Raspbian_GNU/Linux_9 4.9.41-v7+ up_17_minutes 0.26 0.24 0.18 29941 29% 927 8% 49.92 normal normal normal
2019-03-28__20:23:23 pi2 Raspbian_GNU/Linux_9 4.9.41-v7+ up_22_minutes 0.65 0.40 0.25 29941 29% 927 8% 50.46 normal normal note
2019-03-28__20:28:24 pi2 Raspbian_GNU/Linux_9 4.9.41-v7+ up_27_minutes 0.31 0.38 0.28 29941 29% 927 8% 49.38 normal normal normal
2019-03-28__20:33:25 pi2 Raspbian_GNU/Linux_9 4.9.41-v7+ up_32_minutes 0.14 0.22 0.23 29941 29% 927 8% 49.38 normal normal normal
2019-03-28__20:38:25 pi2 Raspbian_GNU/Linux_9 4.9.41-v7+ up_37_minutes 0.37 0.29 0.25 29941 29% 927 8% 49.38 normal normal normal
2019-03-28__20:43:26 pi2 Raspbian_GNU/Linux_9 4.9.41-v7+ up_42_minutes 0.37 0.31 0.27 29941 29% 927 8% 49.38 normal normal normal
2019-03-28__20:48:27 pi2 Raspbian_GNU/Linux_9 4.9.41-v7+ up_47_minutes 1.86 1.51 0.80 29941 27% 927 8% 52.07 normal normal note
2019-03-28__20:53:27 pi2 Raspbian_GNU/Linux_9 4.9.41-v7+ up_52_minutes 0.56 0.78 0.66 29941 27% 927 8% 50.46 normal normal note
2019-03-30__11:29:16 pi2 Raspbian_GNU/Linux_9 4.9.41-v7+ up_1_day,_15_hours,_28_minutes 0.29 0.22 0.20 29941 27% 927 13% 51.54 normal normal note
2019-03-30__11:34:17 pi2 Raspbian_GNU/Linux_9 4.9.41-v7+ up_1_day,_15_hours,_33_minutes 0.35 0.30 0.23 29941 27% 927 14% 52.07 normal normal note
2019-03-30__11:43:58 pi2 Raspbian_GNU/Linux_9 4.9.41-v7+ up_1_day,_15_hours,_43_minutes 0.45 0.32 0.27 29941 27% 927 14% 52.61 normal normal note
2019-03-30__11:48:59 pi2 Raspbian_GNU/Linux_9 4.9.41-v7+ up_1_day,_15_hours,_48_minutes 0.30 0.39 0.32 29941 27% 927 15% 51.54 normal normal note
2019-03-30__11:54:00 pi2 Raspbian_GNU/Linux_9 4.9.41-v7+ up_1_day,_15_hours,_53_minutes 0.76 0.64 0.44 29941 27% 927 9% 50.46 normal normal note
2019-03-30__11:59:00 pi2 Raspbian_GNU/Linux_9 4.9.41-v7+ up_1_day,_15_hours,_58_minutes 0.14 0.31 0.35 29941 27% 927 9% 49.92 normal normal normal
2019-03-30__12:04:01 pi2 Raspbian_GNU/Linux_9 4.9.41-v7+ up_1_day,_16_hours,_3_minutes 0.37 0.31 0.33 29941 27% 927 10% 51.00 normal normal note
2019-03-30__12:09:02 pi2 Raspbian_GNU/Linux_9 4.9.41-v7+ up_1_day,_16_hours,_8_minutes 0.44 0.31 0.31 29941 27% 927 10% 49.92 normal normal normal
2019-03-30__12:14:02 pi2 Raspbian_GNU/Linux_9 4.9.41-v7+ up_1_day,_16_hours,_13_minutes 0.29 0.26 0.28 29941 27% 927 11% 51.54 normal normal note
2019-03-30__16:54:15 pi2 Raspbian_GNU/Linux_9 4.9.41-v7+ up_1_day,_20_hours,_53_minutes 0.13 0.16 0.11 29941 27% 927 9% 48.85 normal normal normal
2019-03-30__17:04:17 pi2 Raspbian_GNU/Linux_9 4.9.41-v7+ up_1_day,_21_hours,_3_minutes 0.36 0.22 0.16 29941 27% 927 9% 48.85 normal normal normal
2019-03-30__17:09:18 pi2 Raspbian_GNU/Linux_9 4.9.41-v7+ up_1_day,_21_hours,_8_minutes 0.29 0.28 0.19 29941 27% 927 9% 51.00 normal normal note
2019-03-30__17:14:19 pi2 Raspbian_GNU/Linux_9 4.9.41-v7+ up_1_day,_21_hours,_13_minutes 0.36 0.30 0.22 29941 27% 927 9% 49.38 normal normal normal
2019-03-30__17:19:19 pi2 Raspbian_GNU/Linux_9 4.9.41-v7+ up_1_day,_21_hours,_18_minutes 3.31 1.03 0.47 29941 27% 927 11% 66.60 normal normal note
2019-03-30__17:24:23 pi2 Raspbian_GNU/Linux_9 4.9.41-v7+ up_1_day,_21_hours,_23_minutes 16.92 10.90 4.91 29941 27% 927 10% 76.28 normal normal warning
2019-03-30__17:29:27 pi2 Raspbian_GNU/Linux_9 4.9.41-v7+ up_1_day,_21_hours,_28_minutes 16.70 14.60 8.18 29941 27% 927 10% 78.44 normal normal warning
2019-03-30__17:34:31 pi2 Raspbian_GNU/Linux_9 4.9.41-v7+ up_1_day,_21_hours,_33_minutes 17.04 16.13 10.65 29941 27% 927 11% 79.51 normal normal warning
2019-03-30__17:39:35 pi2 Raspbian_GNU/Linux_9 4.9.41-v7+ up_1_day,_21_hours,_38_minutes 17.13 16.72 12.46 29941 27% 927 10% 78.97 normal normal warning
2019-03-30__17:44:39 pi2 Raspbian_GNU/Linux_9 4.9.41-v7+ up_1_day,_21_hours,_43_minutes 17.85 17.06 13.77 29941 27% 927 10% 79.51 normal normal warning
2019-03-30__17:49:43 pi2 Raspbian_GNU/Linux_9 4.9.41-v7+ up_1_day,_21_hours,_48_minutes 16.91 16.89 14.62 29941 27% 927 10% 79.51 normal normal warning
2019-03-31__16:53:00 pi2 Raspbian_GNU/Linux_9 4.9.41-v7+ up_2_days,_20_hours,_52_minutes 16.98 17.22 17.25 29941 27% 927 14% 79.51 normal normal warning
2019-03-31__16:58:05 pi2 Raspbian_GNU/Linux_9 4.9.41-v7+ up_2_days,_20_hours,_57_minutes 17.64 17.45 17.34 29941 27% 927 14% 78.97 normal normal warning
2019-03-31__17:03:09 pi2 Raspbian_GNU/Linux_9 4.9.41-v7+ up_2_days,_21_hours,_2_minutes 17.54 17.76 17.53 29941 27% 927 14% 79.51 normal normal warning
2019-03-31__17:08:13 pi2 Raspbian_GNU/Linux_9 4.9.41-v7+ up_2_days,_21_hours,_7_minutes 16.97 17.25 17.37 29941 27% 927 14% 79.51 normal normal warning
2019-03-31__17:13:18 pi2 Raspbian_GNU/Linux_9 4.9.41-v7+ up_2_days,_21_hours,_12_minutes 16.34 17.00 17.26 29941 27% 927 15% 79.51 normal normal warning
2019-03-31__17:18:22 pi2 Raspbian_GNU/Linux_9 4.9.41-v7+ up_2_days,_21_hours,_17_minutes 18.18 17.31 17.28 29941 27% 927 15% 79.51 normal normal warning
2019-03-31__17:23:26 pi2 Raspbian_GNU/Linux_9 4.9.41-v7+ up_2_days,_21_hours,_22_minutes 17.23 17.28 17.29 29941 27% 927 14% 79.51 normal normal warning
2019-03-31__17:28:30 pi2 Raspbian_GNU/Linux_9 4.9.41-v7+ up_2_days,_21_hours,_27_minutes 16.50 16.89 17.12 29941 27% 927 15% 79.51 normal normal warning
2019-03-31__17:33:34 pi2 Raspbian_GNU/Linux_9 4.9.41-v7+ up_2_days,_21_hours,_32_minutes 16.89 16.87 17.05 29941 27% 927 15% 79.51 normal normal warning
2019-03-31__17:38:38 pi2 Raspbian_GNU/Linux_9 4.9.41-v7+ up_2_days,_21_hours,_37_minutes 17.34 17.10 17.10 29941 27% 927 15% 79.51 normal normal warning
2019-03-31__17:43:42 pi2 Raspbian_GNU/Linux_9 4.9.41-v7+ up_2_days,_21_hours,_42_minutes 16.54 16.83 17.00 29941 27% 927 15% 79.51 normal normal warning
2019-03-31__17:48:47 pi2 Raspbian_GNU/Linux_9 4.9.41-v7+ up_2_days,_21_hours,_47_minutes 16.29 16.76 16.94 29941 27% 927 15% 79.51 normal normal warning
2019-03-31__17:53:51 pi2 Raspbian_GNU/Linux_9 4.9.41-v7+ up_2_days,_21_hours,_53_minutes 17.38 16.92 16.95 29941 27% 927 15% 79.51 normal normal warning
2019-03-31__17:58:55 pi2 Raspbian_GNU/Linux_9 4.9.41-v7+ up_2_days,_21_hours,_58_minutes 17.29 16.97 16.94 29941 27% 927 15% 79.51 normal normal warning
2019-03-31__18:03:59 pi2 Raspbian_GNU/Linux_9 4.9.41-v7+ up_2_days,_22_hours,_3_minutes 16.96 17.07 17.01 29941 27% 927 14% 80.59 normal normal warning
2019-03-31__18:09:03 pi2 Raspbian_GNU/Linux_9 4.9.41-v7+ up_2_days,_22_hours,_8_minutes 17.25 17.01 16.99 29941 27% 927 15% 80.05 normal normal warning
2019-03-31__18:14:07 pi2 Raspbian_GNU/Linux_9 4.9.41-v7+ up_2_days,_22_hours,_13_minutes 18.16 17.37 17.12 29941 27% 927 15% 80.05 normal normal warning
2019-03-31__18:19:11 pi2 Raspbian_GNU/Linux_9 4.9.41-v7+ up_2_days,_22_hours,_18_minutes 18.06 17.78 17.37 29941 26% 927 15% 80.59 normal normal warning
2019-03-31__18:24:15 pi2 Raspbian_GNU/Linux_9 4.9.41-v7+ up_2_days,_22_hours,_23_minutes 17.43 17.37 17.29 29941 26% 927 15% 80.59 normal normal warning
2019-03-31__18:29:19 pi2 Raspbian_GNU/Linux_9 4.9.41-v7+ up_2_days,_22_hours,_28_minutes 18.42 17.88 17.54 29941 26% 927 15% 80.05 normal normal warning
2019-04-02__19:49:50 pi2 Raspbian_GNU/Linux_9 4.9.41-v7+ up_4_days,_23_hours,_48_minutes 0.36 0.18 0.97 29941 27% 927 14% 54.23 normal normal note
2019-04-02__19:54:50 pi2 Raspbian_GNU/Linux_9 4.9.41-v7+ up_4_days,_23_hours,_53_minutes 0.47 0.43 0.86 29941 27% 927 14% 52.07 normal normal note
2019-04-02__19:59:51 pi2 Raspbian_GNU/Linux_9 4.9.41-v7+ up_4_days,_23_hours,_59_minutes 0.14 0.28 0.67 29941 27% 927 14% 52.07 normal normal note
2019-04-02__20:04:52 pi2 Raspbian_GNU/Linux_9 4.9.41-v7+ up_5_days,_4_minutes 0.24 0.25 0.54 29941 27% 927 13% 52.61 normal normal note
2019-04-02__20:09:52 pi2 Raspbian_GNU/Linux_9 4.9.41-v7+ up_5_days,_9_minutes 0.13 0.24 0.46 29941 27% 927 13% 52.61 normal normal note
2019-04-02__20:28:58 pi2 Raspbian_GNU/Linux_9 4.9.41-v7+ up_5_days,_28_minutes 0.17 0.15 0.25 29941 27% 927 13% 50.46 normal normal note
2019-04-02__20:33:59 pi2 Raspbian_GNU/Linux_9 4.9.41-v7+ up_5_days,_33_minutes 0.28 0.19 0.24 29941 27% 927 14% 53.69 normal normal note
2019-04-02__20:45:23 pi2 Raspbian_GNU/Linux_9 4.9.41-v7+ up_5_days,_44_minutes 0.93 0.55 0.41 29941 27% 927 13% 53.69 normal normal note
2019-04-02__21:15:36 pi2 Raspbian_GNU/Linux_9 4.9.41-v7+ up_5_days,_1_hour,_14_minutes 0.50 0.33 0.28 29941 27% 927 13% 51.54 normal normal note
2019-04-02__21:20:36 pi2 Raspbian_GNU/Linux_9 4.9.41-v7+ up_5_days,_1_hour,_19_minutes 0.45 0.36 0.30 29941 27% 927 13% 53.15 normal normal note
2019-04-02__21:25:37 pi2 Raspbian_GNU/Linux_9 4.9.41-v7+ up_5_days,_1_hour,_24_minutes 0.08 0.22 0.25 29941 27% 927 14% 52.61 normal normal note
2019-04-02__21:30:37 pi2 Raspbian_GNU/Linux_9 4.9.41-v7+ up_5_days,_1_hour,_29_minutes 0.25 0.27 0.27 29941 27% 927 13% 52.61 normal normal note
2019-04-02__21:50:52 pi2 Raspbian_GNU/Linux_9 4.9.41-v7+ up_5_days,_1_hour,_50_minutes 0.21 0.19 0.18 29941 27% 927 13% 50.46 normal normal note
2019-04-02__21:55:52 pi2 Raspbian_GNU/Linux_9 4.9.41-v7+ up_5_days,_1_hour,_55_minutes 0.17 0.20 0.18 29941 27% 927 13% 52.61 normal normal note
2019-04-02__22:00:53 pi2 Raspbian_GNU/Linux_9 4.9.41-v7+ up_5_days,_2_hours 0.52 0.35 0.24 29941 27% 927 13% 52.07 normal normal note
2019-04-02__22:05:54 pi2 Raspbian_GNU/Linux_9 4.9.41-v7+ up_5_days,_2_hours,_5_minutes 0.14 0.24 0.23 29941 27% 927 13% 50.46 normal normal note
2019-04-02__22:10:54 pi2 Raspbian_GNU/Linux_9 4.9.41-v7+ up_5_days,_2_hours,_10_minutes 0.36 0.27 0.24 29941 27% 927 13% 52.61 normal normal note
2019-04-02__22:21:04 pi2 Raspbian_GNU/Linux_9 4.9.41-v7+ up_5_days,_2_hours,_20_minutes 0.12 0.33 0.29 29941 27% 927 14% 50.46 normal normal note
2019-04-02__22:26:05 pi2 Raspbian_GNU/Linux_9 4.9.41-v7+ up_5_days,_2_hours,_25_minutes 0.52 0.34 0.30 29941 27% 927 14% 50.46 normal normal note
2019-04-02__22:31:06 pi2 Raspbian_GNU/Linux_9 4.9.41-v7+ up_5_days,_2_hours,_30_minutes 0.16 0.24 0.26 29941 27% 927 14% 50.46 normal normal note
2019-04-03__15:26:32 pi2 Raspbian_GNU/Linux_9 4.9.41-v7+ up_5_days,_19_hours,_25_minutes 0.43 0.24 0.14 29941 27% 927 13% 51.00 normal normal note
2019-04-03__15:31:32 pi2 Raspbian_GNU/Linux_9 4.9.41-v7+ up_5_days,_19_hours,_30_minutes 0.01 0.11 0.10 29941 27% 927 14% 50.46 normal normal note
2019-04-03__15:55:00 pi2 Raspbian_GNU/Linux_9 4.9.41-v7+ up_5_days,_19_hours,_54_minutes 0.25 0.22 0.13 29941 27% 927 14% 49.92 normal normal normal
2019-04-03__16:00:01 pi2 Raspbian_GNU/Linux_9 4.9.41-v7+ up_5_days,_19_hours,_59_minutes 0.14 0.20 0.15 29941 27% 927 14% 50.46 normal normal note
2019-04-03__16:10:26 pi2 Raspbian_GNU/Linux_9 4.9.41-v7+ up_5_days,_20_hours,_9_minutes 0.27 0.36 0.30 29941 27% 927 14% 50.46 normal normal note
