<<<<<<< HEAD
inner while i = 0 : CpuLog.sh -> 
inner while i = 0 : CpuLog.sh -> 
inner while i = 0 : CpuLog.sh -> 
inner while i = 0 : CpuLog.sh -> 
inner while i = 0 : CpuLog.sh -> 
inner while i = 0 : CpuLog.sh -> 
inner while i = 0 : CpuLog.sh -> 
=======
inner while i = 0 : CpuLog.sh -> 2019-03-12__15:47:27 0.13 0.14 0.09 1.45 52.07°C note

inner while i = 0 : CpuLog.sh -> 2019-03-12__15:47:31 0.12 0.13 0.09 2.42 51.54°C note

inner while i = 0 : CpuLog.sh -> 2019-03-12__15:47:34 0.12 0.13 0.09 0.50 51.54°C note

inner while i = 0 : CpuLog.sh -> 2019-03-12__15:47:38 0.11 0.13 0.09 1.45 51.54°C note

inner while i = 0 : CpuLog.sh -> 2019-03-12__15:47:54 0.08 0.12 0.09 0.99 52.07°C note

inner while i = 0 : CpuLog.sh -> 2019-03-12__15:47:57 0.08 0.12 0.09 1.47 51.00°C note

inner while i = 0 : CpuLog.sh -> 2019-03-12__15:47:59 0.08 0.12 0.09 8.22 51.54°C note

inner while i = 0 : CpuLog.sh -> 2019-03-12__15:48:02 0.07 0.12 0.09 1.94 51.00°C note

inner while i = 0 : CpuLog.sh -> 2019-03-12__15:48:05 0.07 0.12 0.09 2.89 51.00°C note

inner while i = 0 : CpuLog.sh -> 2019-03-12__15:48:08 0.06 0.12 0.09 0.99 51.54°C note

inner while i = 0 : CpuLog.sh -> 2019-03-12__15:48:10 0.06 0.12 0.09 1.45 51.00°C note

inner while i = 0 : CpuLog.sh -> 2019-03-12__15:48:13 0.06 0.12 0.09 1.46 51.54°C note

inner while i = 0 : CpuLog.sh -> 2019-03-12__15:48:16 0.05 0.11 0.09 0.98 51.00°C note

inner while i = 0 : CpuLog.sh -> 2019-03-12__15:48:20 0.05 0.11 0.09 1.45 51.00°C note

inner while i = 0 : CpuLog.sh -> 2019-03-12__15:48:23 0.05 0.11 0.09 0.98 50.46°C note

inner while i = 0 : CpuLog.sh -> 2019-03-12__15:48:26 0.05 0.11 0.09 1.46 51.00°C note

inner while i = 0 : CpuLog.sh -> 2019-03-12__15:49:19 0.09 0.12 0.09 3.89 52.07°C note

inner while i = 0 : CpuLog.sh -> 2019-03-12__15:49:22 0.08 0.12 0.09 0.99 51.54°C note

inner while i = 0 : CpuLog.sh -> 2019-03-12__15:49:24 0.08 0.12 0.09 1.46 51.54°C note

inner while i = 0 : CpuLog.sh -> 2019-03-12__15:49:27 0.08 0.11 0.09 0.50 51.54°C note

inner while i = 0 : CpuLog.sh -> 2019-03-12__15:49:30 0.08 0.11 0.09 0.98 52.61°C note

inner while i = 0 : CpuLog.sh -> 2019-03-12__16:09:15 0.08 0.04 0.01 0.98 51.54°C note

inner while i = 0 : CpuLog.sh -> 2019-03-12__16:09:17 0.08 0.04 0.01 1.45 50.46°C note

inner while i = 0 : CpuLog.sh -> 2019-03-12__16:09:20 0.08 0.04 0.01 1.97 51.54°C note

inner while i = 0 : CpuLog.sh -> 2019-03-12__16:09:23 0.08 0.04 0.01 0.49 51.54°C note

inner while i = 0 : CpuLog.sh -> 2019-03-12__16:09:26 0.07 0.04 0.01 1.48 51.00°C note

inner while i = 0 : CpuLog.sh -> 2019-03-12__16:50:45 0.06 0.06 0.00 0.50 51.00°C note

inner while i = 0 : CpuLog.sh -> 2019-03-12__16:50:48 0.06 0.06 0.00 0.49 50.46°C note

inner while i = 0 : CpuLog.sh -> 2019-03-12__16:50:51 0.05 0.06 0.00 1.46 50.46°C note

inner while i = 0 : CpuLog.sh -> 2019-03-12__16:50:53 0.05 0.06 0.00 0.98 50.46°C note

inner while i = 0 : CpuLog.sh -> 2019-03-12__16:50:56 0.05 0.06 0.00 0.99 50.46°C note

inner while i = 0 : CpuLog.sh -> 2019-03-12__16:50:59 0.04 0.06 0.00 2.98 51.00°C note

inner while i = 0 : CpuLog.sh -> 2019-03-12__16:51:01 0.04 0.06 0.00 0.99 50.46°C note

inner while i = 0 : CpuLog.sh -> 2019-03-12__16:51:04 0.04 0.05 0.00 1.45 51.54°C note

inner while i = 0 : CpuLog.sh -> 2019-03-12__17:26:49 0.27 0.15 0.11 25.75 55.30°C note

inner while i = 0 : CpuLog.sh -> 2019-03-12__17:26:52 0.27 0.15 0.11 25.62 56.38°C note

inner while i = 0 : CpuLog.sh -> 2019-03-12__17:26:54 0.33 0.17 0.11 25.50 57.45°C note

inner while i = 0 : CpuLog.sh -> 2019-03-12__17:26:57 0.33 0.17 0.11 26.48 57.99°C note

inner while i = 0 : CpuLog.sh -> 2019-03-12__17:27:00 0.39 0.18 0.12 25.62 58.53°C note

inner while i = 0 : CpuLog.sh -> 2019-03-12__17:27:02 0.39 0.18 0.12 25.50 59.07°C note

inner while i = 0 : CpuLog.sh -> 2019-03-12__17:28:23 0.52 0.28 0.16 25.75 55.84°C note

inner while i = 0 : CpuLog.sh -> 2019-03-12__17:28:26 0.52 0.28 0.16 25.50 57.45°C note

inner while i = 0 : CpuLog.sh -> 2019-03-12__17:28:28 0.55 0.29 0.16 25.62 57.99°C note

inner while i = 0 : CpuLog.sh -> 2019-03-12__17:28:31 0.55 0.29 0.16 25.75 58.53°C note

inner while i = 0 : CpuLog.sh -> 2019-03-12__17:28:34 0.59 0.30 0.17 25.50 59.07°C note

inner while i = 0 : CpuLog.sh -> 2019-03-12__17:28:36 0.59 0.30 0.17 26.35 58.53°C note

inner while i = 0 : CpuLog.sh -> 2019-03-12__17:28:39 0.62 0.32 0.17 29.86 59.07°C note

inner while i = 0 : CpuLog.sh -> 2019-03-12__17:28:42 0.62 0.32 0.17 25.75 60.14°C note

inner while i = 0 : CpuLog.sh -> 2019-03-12__17:28:44 0.65 0.33 0.18 25.62 60.14°C note

inner while i = 0 : CpuLog.sh -> 2019-03-12__17:28:47 0.65 0.33 0.18 25.75 60.14°C note

inner while i = 0 : CpuLog.sh -> 2019-03-12__17:28:49 0.68 0.34 0.18 25.62 60.14°C note

inner while i = 0 : CpuLog.sh -> 2019-03-12__17:28:52 0.68 0.34 0.18 25.75 60.14°C note

inner while i = 0 : CpuLog.sh -> 2019-03-12__17:28:55 0.71 0.35 0.19 24.76 60.14°C note

inner while i = 0 : CpuLog.sh -> 2019-03-12__17:30:33 4.49 1.29 0.52 70.51 65.52°C note

inner while i = 0 : CpuLog.sh -> 2019-03-12__17:30:33 4.49 1.29 0.52 63.35 65.52°C note

inner while i = 0 : CpuLog.sh -> 2019-03-12__17:30:33 1.05 0.57 0.29 64.48 64.99°C note

inner while i = 0 : CpuLog.sh -> 2019-03-12__17:30:33 4.49 1.29 0.52 62.50 65.52°C note

inner while i = 0 : CpuLog.sh -> 2019-03-12__17:30:33 4.49 1.29 0.52 61.62 65.52°C note

inner while i = 0 : CpuLog.sh -> 2019-03-12__17:30:33 4.49 1.29 0.52 62.68 65.52°C note

inner while i = 0 : CpuLog.sh -> 2019-03-12__17:30:33 4.49 1.29 0.52 63.52 65.52°C note

inner while i = 0 : CpuLog.sh -> 2019-03-12__17:30:33 4.49 1.29 0.52 63.35 65.52°C note

inner while i = 0 : CpuLog.sh -> 2019-03-12__17:30:33 4.49 1.29 0.52 65.24 65.52°C note

inner while i = 0 : CpuLog.sh -> 2019-03-12__17:30:33 4.49 1.29 0.52 61.98 66.06°C note

inner while i = 0 : CpuLog.sh -> 2019-03-12__17:30:33 4.49 1.29 0.52 66.40 65.52°C note

inner while i = 0 : CpuLog.sh -> 2019-03-12__17:30:33 4.49 1.29 0.52 63.35 65.52°C note

inner while i = 0 : CpuLog.sh -> 2019-03-12__17:30:33 4.49 1.29 0.52 64.00 65.52°C note

inner while i = 0 : CpuLog.sh -> 2019-03-12__17:30:33 4.49 1.29 0.52 63.35 65.52°C note

inner while i = 0 : CpuLog.sh -> 2019-03-12__17:30:33 4.49 1.29 0.52 62.68 65.52°C note

inner while i = 0 : CpuLog.sh -> 2019-03-12__17:30:33 4.49 1.29 0.52 63.35 66.06°C note

inner while i = 0 : CpuLog.sh -> 2019-03-12__17:30:33 4.49 1.29 0.52 63.35 65.52°C note

inner while i = 0 : CpuLog.sh -> 2019-03-12__17:30:33 4.49 1.29 0.52 61.98 66.06°C note

inner while i = 0 : CpuLog.sh -> 2019-03-12__17:30:33 4.49 1.29 0.52 65.83 65.52°C note

inner while i = 0 : CpuLog.sh -> 2019-03-12__17:30:33 4.49 1.29 0.52 64.63 65.52°C note

inner while i = 0 : CpuLog.sh -> 2019-03-12__17:30:33 4.49 1.29 0.52 62.68 66.06°C note

inner while i = 0 : CpuLog.sh -> 2019-03-12__17:30:33 4.49 1.29 0.52 64.63 65.52°C note

inner while i = 0 : CpuLog.sh -> 2019-03-12__17:30:33 4.49 1.29 0.52 64.00 65.52°C note

inner while i = 0 : CpuLog.sh -> 2019-03-12__17:30:33 4.49 1.29 0.52 61.98 66.60°C note

inner while i = 0 : CpuLog.sh -> 2019-03-12__17:30:33 4.49 1.29 0.52 64.63 65.52°C note

inner while i = 0 : CpuLog.sh -> 2019-03-12__17:30:33 4.49 1.29 0.52 65.44 66.60°C note

inner while i = 0 : CpuLog.sh -> 2019-03-12__17:30:33 4.49 1.29 0.52 64.43 66.06°C note

inner while i = 0 : CpuLog.sh -> 2019-03-12__17:30:34 4.49 1.29 0.52 27.32 66.60°C note

inner while i = 0 : CpuLog.sh -> 2019-03-12__17:30:34 4.49 1.29 0.52 27.59 67.14°C note

inner while i = 0 : CpuLog.sh -> 2019-03-12__17:30:35 4.49 1.29 0.52 51.84 65.52°C note

inner while i = 0 : CpuLog.sh -> 2019-03-12__17:30:35 4.49 1.29 0.52 51.43 65.52°C note

inner while i = 0 : CpuLog.sh -> 2019-03-12__17:30:36 4.49 1.29 0.52 97.96 66.06°C note

inner while i = 0 : CpuLog.sh -> 2019-03-12__17:30:36 4.49 1.29 0.52 100.00 66.60°C note

inner while i = 0 : CpuLog.sh -> 2019-03-12__17:30:36 4.49 1.29 0.52 100.00 66.06°C note

inner while i = 0 : CpuLog.sh -> 2019-03-12__17:30:36 4.49 1.29 0.52 100.00 66.60°C note

inner while i = 0 : CpuLog.sh -> 2019-03-12__17:30:36 4.49 1.29 0.52 100.00 67.14°C note

inner while i = 0 : CpuLog.sh -> 2019-03-12__17:30:36 4.49 1.29 0.52 99.59 67.67°C note

inner while i = 0 : CpuLog.sh -> 2019-03-12__17:30:37 4.49 1.29 0.52 93.70 68.21°C note

inner while i = 0 : CpuLog.sh -> 2019-03-12__17:30:37 4.49 1.29 0.52 90.91 68.21°C note

inner while i = 0 : CpuLog.sh -> 2019-03-12__17:30:37 4.49 1.29 0.52 88.16 68.21°C note

inner while i = 0 : CpuLog.sh -> 2019-03-12__17:30:37 4.49 1.29 0.52 85.58 68.21°C note

inner while i = 0 : CpuLog.sh -> 2019-03-12__17:30:37 4.49 1.29 0.52 84.87 68.75°C note

inner while i = 0 : CpuLog.sh -> 2019-03-12__17:30:37 4.49 1.29 0.52 84.22 68.21°C note

inner while i = 0 : CpuLog.sh -> 2019-03-12__17:30:37 4.49 1.29 0.52 83.26 68.75°C note

inner while i = 0 : CpuLog.sh -> 2019-03-12__17:30:37 4.49 1.29 0.52 83.56 68.75°C note

inner while i = 0 : CpuLog.sh -> 2019-03-12__17:30:37 4.49 1.29 0.52 83.26 68.21°C note

inner while i = 0 : CpuLog.sh -> 2019-03-12__17:30:37 4.49 1.29 0.52 83.71 68.75°C note

inner while i = 0 : CpuLog.sh -> 2019-03-12__17:30:37 4.49 1.29 0.52 83.04 68.75°C note

inner while i = 0 : CpuLog.sh -> 2019-03-12__17:30:37 4.49 1.29 0.52 83.04 68.75°C note

inner while i = 0 : CpuLog.sh -> 2019-03-12__17:30:37 4.49 1.29 0.52 83.04 68.75°C note

inner while i = 0 : CpuLog.sh -> 2019-03-12__17:30:37 4.49 1.29 0.52 82.73 68.21°C note

inner while i = 0 : CpuLog.sh -> 2019-03-12__17:30:37 4.49 1.29 0.52 82.08 68.75°C note

inner while i = 0 : CpuLog.sh -> 2019-03-12__17:30:37 4.49 1.29 0.52 83.04 68.75°C note

inner while i = 0 : CpuLog.sh -> 2019-03-12__17:30:37 4.49 1.29 0.52 82.41 69.29°C note

inner while i = 0 : CpuLog.sh -> 2019-03-12__17:30:37 4.49 1.29 0.52 82.41 68.75°C note

inner while i = 0 : CpuLog.sh -> 2019-03-12__17:30:37 4.49 1.29 0.52 82.73 68.75°C note

inner while i = 0 : CpuLog.sh -> 2019-03-12__17:30:37 4.49 1.29 0.52 82.41 68.75°C note

inner while i = 0 : CpuLog.sh -> 2019-03-12__17:30:37 4.49 1.29 0.52 83.04 68.75°C note

inner while i = 0 : CpuLog.sh -> 2019-03-12__17:30:37 4.49 1.29 0.52 82.73 68.75°C note

inner while i = 0 : CpuLog.sh -> 2019-03-12__17:30:37 4.49 1.29 0.52 83.04 68.75°C note

inner while i = 0 : CpuLog.sh -> 2019-03-12__17:30:37 4.49 1.29 0.52 82.88 68.75°C note

inner while i = 0 : CpuLog.sh -> 2019-03-12__17:30:37 4.49 1.29 0.52 83.02 68.75°C note

inner while i = 0 : CpuLog.sh -> 2019-03-12__17:30:37 4.49 1.29 0.52 79.52 68.75°C note

inner while i = 0 : CpuLog.sh -> 2019-03-12__17:30:37 4.49 1.29 0.52 80.00 69.29°C note

inner while i = 0 : CpuLog.sh -> 2019-03-12__17:30:38 5.49 1.56 0.61 49.51 69.29°C note

inner while i = 0 : CpuLog.sh -> 2019-03-12__17:30:38 5.49 1.56 0.61 50.50 68.75°C note

inner while i = 0 : CpuLog.sh -> 2019-03-12__17:30:38 5.49 1.56 0.61 39.63 68.75°C note

inner while i = 0 : CpuLog.sh -> 2019-03-12__17:30:38 5.49 1.56 0.61 38.47 69.29°C note

inner while i = 0 : CpuLog.sh -> 2019-03-12__17:30:39 5.49 1.56 0.61 57.29 69.29°C note

inner while i = 0 : CpuLog.sh -> 2019-03-12__17:30:39 5.49 1.56 0.61 84.08 68.75°C note

inner while i = 0 : CpuLog.sh -> 2019-03-12__17:30:39 5.49 1.56 0.61 83.63 68.75°C note

inner while i = 0 : CpuLog.sh -> 2019-03-12__17:30:39 5.49 1.56 0.61 84.39 68.75°C note

inner while i = 0 : CpuLog.sh -> 2019-03-12__17:30:39 5.49 1.56 0.61 94.36 68.75°C note

inner while i = 0 : CpuLog.sh -> 2019-03-12__17:30:39 5.49 1.56 0.61 99.62 68.75°C note

inner while i = 0 : CpuLog.sh -> 2019-03-12__17:30:40 5.49 1.56 0.61 99.59 68.75°C note

inner while i = 0 : CpuLog.sh -> 2019-03-12__17:30:40 5.49 1.56 0.61 99.61 69.29°C note

inner while i = 0 : CpuLog.sh -> 2019-03-12__17:30:40 5.49 1.56 0.61 100.00 69.29°C note

inner while i = 0 : CpuLog.sh -> 2019-03-12__17:30:40 5.49 1.56 0.61 100.00 68.21°C note

inner while i = 0 : CpuLog.sh -> 2019-03-12__17:30:40 5.49 1.56 0.61 100.00 67.67°C note

inner while i = 0 : CpuLog.sh -> 2019-03-12__17:30:41 5.49 1.56 0.61 100.00 67.14°C note

inner while i = 0 : CpuLog.sh -> 2019-03-12__17:30:41 5.49 1.56 0.61 100.00 67.14°C note

inner while i = 0 : CpuLog.sh -> 2019-03-12__17:30:42 5.49 1.56 0.61 100.00 67.14°C note

inner while i = 0 : CpuLog.sh -> 2019-03-12__17:30:42 5.49 1.56 0.61 100.00 66.60°C note

inner while i = 0 : CpuLog.sh -> 2019-03-12__17:30:42 5.49 1.56 0.61 100.00 66.60°C note

inner while i = 0 : CpuLog.sh -> 2019-03-12__17:30:42 5.49 1.56 0.61 100.00 66.60°C note

inner while i = 0 : CpuLog.sh -> 2019-03-12__17:30:42 5.49 1.56 0.61 100.00 67.14°C note

inner while i = 0 : CpuLog.sh -> 2019-03-12__17:30:42 5.49 1.56 0.61 100.00 66.60°C note

inner while i = 0 : CpuLog.sh -> 2019-03-12__17:30:42 5.49 1.56 0.61 100.00 66.60°C note

inner while i = 0 : CpuLog.sh -> 2019-03-12__17:30:42 5.49 1.56 0.61 100.00 67.14°C note

inner while i = 0 : CpuLog.sh -> 2019-03-12__17:30:42 5.49 1.56 0.61 100.00 66.60°C note

inner while i = 0 : CpuLog.sh -> 2019-03-12__17:30:42 5.49 1.56 0.61 100.00 66.06°C note

inner while i = 0 : CpuLog.sh -> 2019-03-12__17:30:42 5.49 1.56 0.61 100.00 66.60°C note

inner while i = 0 : CpuLog.sh -> 2019-03-12__17:30:42 5.49 1.56 0.61 100.00 66.60°C note

inner while i = 0 : CpuLog.sh -> 2019-03-12__17:30:42 5.49 1.56 0.61 100.00 66.60°C note

inner while i = 0 : CpuLog.sh -> 2019-03-12__17:30:42 5.49 1.56 0.61 100.00 67.14°C note

inner while i = 0 : CpuLog.sh -> 2019-03-12__17:30:42 5.49 1.56 0.61 100.00 66.60°C note

inner while i = 0 : CpuLog.sh -> 2019-03-12__17:30:42 5.49 1.56 0.61 100.00 66.60°C note

inner while i = 0 : CpuLog.sh -> 2019-03-12__17:30:42 5.49 1.56 0.61 100.00 66.60°C note

inner while i = 0 : CpuLog.sh -> 2019-03-12__17:30:42 5.49 1.56 0.61 100.00 66.60°C note

inner while i = 0 : CpuLog.sh -> 2019-03-12__17:30:42 5.49 1.56 0.61 100.00 66.60°C note

inner while i = 0 : CpuLog.sh -> 2019-03-12__17:30:42 5.49 1.56 0.61 100.00 66.60°C note

inner while i = 0 : CpuLog.sh -> 2019-03-12__17:30:42 5.49 1.56 0.61 100.00 66.60°C note

inner while i = 0 : CpuLog.sh -> 2019-03-12__17:30:42 5.49 1.56 0.61 100.00 66.60°C note

inner while i = 0 : CpuLog.sh -> 2019-03-12__17:30:43 5.49 1.56 0.61 100.00 66.60°C note

inner while i = 0 : CpuLog.sh -> 2019-03-12__17:30:43 5.49 1.56 0.61 100.00 66.60°C note

inner while i = 0 : CpuLog.sh -> 2019-03-12__17:30:43 7.70 2.08 0.78 100.00 66.60°C note

inner while i = 0 : CpuLog.sh -> 2019-03-12__17:30:43 5.49 1.56 0.61 100.00 66.60°C note

inner while i = 0 : CpuLog.sh -> 2019-03-12__17:30:43 7.70 2.08 0.78 100.00 67.67°C note

inner while i = 0 : CpuLog.sh -> 2019-03-12__17:30:43 7.70 2.08 0.78 100.00 67.14°C note

inner while i = 0 : CpuLog.sh -> 2019-03-12__17:30:43 7.70 2.08 0.78 100.00 67.67°C note

inner while i = 0 : CpuLog.sh -> 2019-03-12__17:30:43 7.70 2.08 0.78 100.00 67.67°C note

inner while i = 0 : CpuLog.sh -> 2019-03-12__17:30:43 7.70 2.08 0.78 95.68 67.67°C note

inner while i = 0 : CpuLog.sh -> 2019-03-12__17:30:43 7.70 2.08 0.78 94.55 67.67°C note

inner while i = 0 : CpuLog.sh -> 2019-03-12__17:30:44 7.70 2.08 0.78 78.78 68.75°C note

inner while i = 0 : CpuLog.sh -> 2019-03-12__17:30:44 7.70 2.08 0.78 77.73 68.75°C note

inner while i = 0 : CpuLog.sh -> 2019-03-12__17:30:44 7.70 2.08 0.78 77.73 68.75°C note

inner while i = 0 : CpuLog.sh -> 2019-03-12__17:30:44 7.70 2.08 0.78 76.28 68.75°C note

inner while i = 0 : CpuLog.sh -> 2019-03-12__17:30:44 7.70 2.08 0.78 76.15 68.75°C note

inner while i = 0 : CpuLog.sh -> 2019-03-12__17:30:44 7.70 2.08 0.78 75.71 69.29°C note

inner while i = 0 : CpuLog.sh -> 2019-03-12__17:30:44 7.70 2.08 0.78 76.24 68.75°C note

inner while i = 0 : CpuLog.sh -> 2019-03-12__17:30:44 7.70 2.08 0.78 75.80 68.75°C note

inner while i = 0 : CpuLog.sh -> 2019-03-12__17:30:44 7.70 2.08 0.78 67.48 69.29°C note

inner while i = 0 : CpuLog.sh -> 2019-03-12__17:30:44 7.70 2.08 0.78 68.55 69.83°C note

inner while i = 0 : CpuLog.sh -> 2019-03-12__17:30:44 7.70 2.08 0.78 68.55 69.83°C note

inner while i = 0 : CpuLog.sh -> 2019-03-12__17:30:44 7.70 2.08 0.78 71.37 69.29°C note

inner while i = 0 : CpuLog.sh -> 2019-03-12__17:30:44 7.70 2.08 0.78 63.42 69.29°C note

inner while i = 0 : CpuLog.sh -> 2019-03-12__17:30:45 7.70 2.08 0.78 60.10 69.29°C note

inner while i = 0 : CpuLog.sh -> 2019-03-12__17:30:45 7.70 2.08 0.78 59.34 69.29°C note

inner while i = 0 : CpuLog.sh -> 2019-03-12__17:30:45 7.70 2.08 0.78 63.28 69.29°C note

inner while i = 0 : CpuLog.sh -> 2019-03-12__17:30:45 7.70 2.08 0.78 97.52 69.29°C note

inner while i = 0 : CpuLog.sh -> 2019-03-12__17:30:45 7.70 2.08 0.78 100.00 69.29°C note

inner while i = 0 : CpuLog.sh -> 2019-03-12__17:30:46 7.70 2.08 0.78 100.00 68.75°C note

inner while i = 0 : CpuLog.sh -> 2019-03-12__17:30:46 7.70 2.08 0.78 100.00 68.21°C note

inner while i = 0 : CpuLog.sh -> 2019-03-12__17:30:47 7.70 2.08 0.78 100.00 67.67°C note

inner while i = 0 : CpuLog.sh -> 2019-03-12__17:30:47 7.70 2.08 0.78 100.00 67.67°C note

inner while i = 0 : CpuLog.sh -> 2019-03-12__17:30:47 7.70 2.08 0.78 100.00 67.67°C note

inner while i = 0 : CpuLog.sh -> 2019-03-12__17:31:15 7.80 2.78 1.07 72.39 62.30°C note

inner while i = 0 : CpuLog.sh -> 2019-03-12__17:31:15 7.80 2.78 1.07 67.86 62.30°C note

inner while i = 0 : CpuLog.sh -> 2019-03-12__17:31:15 7.80 2.78 1.07 65.62 62.30°C note

inner while i = 0 : CpuLog.sh -> 2019-03-12__17:31:15 7.80 2.78 1.07 66.67 62.83°C note

inner while i = 0 : CpuLog.sh -> 2019-03-12__17:31:15 7.80 2.78 1.07 65.62 62.30°C note

inner while i = 0 : CpuLog.sh -> 2019-03-12__17:31:15 7.80 2.78 1.07 65.46 62.83°C note

inner while i = 0 : CpuLog.sh -> 2019-03-12__17:31:15 7.80 2.78 1.07 65.92 62.83°C note

inner while i = 0 : CpuLog.sh -> 2019-03-12__17:31:15 7.80 2.78 1.07 65.30 63.37°C note

inner while i = 0 : CpuLog.sh -> 2019-03-12__17:31:15 7.80 2.78 1.07 66.52 62.83°C note

inner while i = 0 : CpuLog.sh -> 2019-03-12__17:31:15 7.80 2.78 1.07 65.30 62.83°C note

inner while i = 0 : CpuLog.sh -> 2019-03-12__17:31:15 7.80 2.78 1.07 65.92 63.37°C note

inner while i = 0 : CpuLog.sh -> 2019-03-12__17:31:15 7.80 2.78 1.07 66.52 62.83°C note

inner while i = 0 : CpuLog.sh -> 2019-03-12__17:31:15 7.80 2.78 1.07 66.52 63.37°C note

inner while i = 0 : CpuLog.sh -> 2019-03-12__17:31:15 7.80 2.78 1.07 63.29 63.37°C note

inner while i = 0 : CpuLog.sh -> 2019-03-12__17:31:15 7.80 2.78 1.07 65.30 63.37°C note

inner while i = 0 : CpuLog.sh -> 2019-03-12__17:31:15 7.80 2.78 1.07 64.66 63.37°C note

inner while i = 0 : CpuLog.sh -> 2019-03-12__17:31:15 7.80 2.78 1.07 64.66 63.37°C note

inner while i = 0 : CpuLog.sh -> 2019-03-12__17:31:15 7.80 2.78 1.07 65.92 63.37°C note

inner while i = 0 : CpuLog.sh -> 2019-03-12__17:31:15 7.80 2.78 1.07 65.30 63.37°C note

inner while i = 0 : CpuLog.sh -> 2019-03-12__17:31:15 7.80 2.78 1.07 66.52 62.83°C note

inner while i = 0 : CpuLog.sh -> 2019-03-12__17:31:15 7.80 2.78 1.07 67.66 62.83°C note

inner while i = 0 : CpuLog.sh -> 2019-03-12__17:31:15 7.80 2.78 1.07 67.10 63.91°C note

inner while i = 0 : CpuLog.sh -> 2019-03-12__17:31:15 7.80 2.78 1.07 67.10 62.30°C note

inner while i = 0 : CpuLog.sh -> 2019-03-12__17:31:15 7.80 2.78 1.07 65.92 63.37°C note

inner while i = 0 : CpuLog.sh -> 2019-03-12__17:31:15 7.80 2.78 1.07 65.92 63.37°C note

inner while i = 0 : CpuLog.sh -> 2019-03-12__17:31:15 7.80 2.78 1.07 68.50 63.37°C note

inner while i = 0 : CpuLog.sh -> 2019-03-12__17:31:15 7.80 2.78 1.07 70.26 63.37°C note

inner while i = 0 : CpuLog.sh -> 2019-03-12__17:31:16 7.80 2.78 1.07 26.74 64.45°C note

inner while i = 0 : CpuLog.sh -> 2019-03-12__17:31:16 7.80 2.78 1.07 26.61 64.45°C note

inner while i = 0 : CpuLog.sh -> 2019-03-12__17:31:17 7.80 2.78 1.07 26.48 63.37°C note

inner while i = 0 : CpuLog.sh -> 2019-03-12__17:31:17 7.80 2.78 1.07 27.28 63.91°C note

inner while i = 0 : CpuLog.sh -> 2019-03-12__17:31:18 7.26 2.75 1.07 26.61 63.37°C note

inner while i = 0 : CpuLog.sh -> 2019-03-12__17:31:18 7.26 2.75 1.07 27.10 63.37°C note

inner while i = 0 : CpuLog.sh -> 2019-03-12__17:31:19 7.26 2.75 1.07 27.41 63.91°C note

inner while i = 0 : CpuLog.sh -> 2019-03-12__17:31:19 7.26 2.75 1.07 25.99 64.45°C note

inner while i = 0 : CpuLog.sh -> 2019-03-12__17:31:20 7.26 2.75 1.07 28.16 63.91°C note

inner while i = 0 : CpuLog.sh -> 2019-03-12__17:31:20 7.26 2.75 1.07 27.10 64.45°C note

inner while i = 0 : CpuLog.sh -> 2019-03-12__17:31:21 7.26 2.75 1.07 26.48 64.45°C note

inner while i = 0 : CpuLog.sh -> 2019-03-12__17:31:21 7.26 2.75 1.07 26.11 64.45°C note

inner while i = 0 : CpuLog.sh -> 2019-03-12__17:31:22 7.26 2.75 1.07 26.74 64.45°C note

inner while i = 0 : CpuLog.sh -> 2019-03-12__17:31:22 7.26 2.75 1.07 26.74 64.99°C note

inner while i = 0 : CpuLog.sh -> 2019-03-12__17:31:23 6.76 2.72 1.07 26.61 64.45°C note

inner while i = 0 : CpuLog.sh -> 2019-03-12__17:31:23 6.76 2.72 1.07 25.99 64.45°C note

inner while i = 0 : CpuLog.sh -> 2019-03-12__17:31:24 6.76 2.72 1.07 27.81 64.45°C note

inner while i = 0 : CpuLog.sh -> 2019-03-12__17:31:25 6.76 2.72 1.07 27.67 64.45°C note

inner while i = 0 : CpuLog.sh -> 2019-03-12__17:31:26 6.76 2.72 1.07 100.00 64.99°C note

inner while i = 0 : CpuLog.sh -> 2019-03-12__17:31:26 6.76 2.72 1.07 100.00 65.52°C note

inner while i = 0 : CpuLog.sh -> 2019-03-12__17:31:26 6.76 2.72 1.07 100.00 65.52°C note

inner while i = 0 : CpuLog.sh -> 2019-03-12__17:31:26 6.76 2.72 1.07 100.00 66.60°C note

inner while i = 0 : CpuLog.sh -> 2019-03-12__17:31:26 6.76 2.72 1.07 100.00 66.60°C note

inner while i = 0 : CpuLog.sh -> 2019-03-12__17:31:26 6.76 2.72 1.07 100.00 66.60°C note

inner while i = 0 : CpuLog.sh -> 2019-03-12__17:31:26 6.76 2.72 1.07 100.00 66.60°C note

inner while i = 0 : CpuLog.sh -> 2019-03-12__17:31:26 6.76 2.72 1.07 100.00 66.60°C note

inner while i = 0 : CpuLog.sh -> 2019-03-12__17:31:26 6.76 2.72 1.07 100.00 67.67°C note

inner while i = 0 : CpuLog.sh -> 2019-03-12__17:31:26 6.76 2.72 1.07 100.00 67.14°C note

inner while i = 0 : CpuLog.sh -> 2019-03-12__17:31:27 6.76 2.72 1.07 80.00 68.21°C note

inner while i = 0 : CpuLog.sh -> 2019-03-12__17:31:27 6.76 2.72 1.07 78.25 67.67°C note

inner while i = 0 : CpuLog.sh -> 2019-03-12__17:31:27 6.76 2.72 1.07 76.08 67.67°C note

inner while i = 0 : CpuLog.sh -> 2019-03-12__17:31:27 6.76 2.72 1.07 75.97 68.75°C note

inner while i = 0 : CpuLog.sh -> 2019-03-12__17:31:27 6.76 2.72 1.07 75.97 67.67°C note

inner while i = 0 : CpuLog.sh -> 2019-03-12__17:31:27 6.76 2.72 1.07 76.31 67.67°C note

inner while i = 0 : CpuLog.sh -> 2019-03-12__17:31:27 6.76 2.72 1.07 76.75 67.67°C note

inner while i = 0 : CpuLog.sh -> 2019-03-12__17:31:27 6.76 2.72 1.07 78.73 67.67°C note

inner while i = 0 : CpuLog.sh -> 2019-03-12__17:31:27 6.76 2.72 1.07 75.37 67.67°C note

inner while i = 0 : CpuLog.sh -> 2019-03-12__17:31:27 6.76 2.72 1.07 77.17 68.21°C note

inner while i = 0 : CpuLog.sh -> 2019-03-12__17:31:27 6.76 2.72 1.07 75.85 68.75°C note

inner while i = 0 : CpuLog.sh -> 2019-03-12__17:31:27 6.76 2.72 1.07 75.85 67.67°C note

inner while i = 0 : CpuLog.sh -> 2019-03-12__17:31:27 6.76 2.72 1.07 77.98 67.67°C note

inner while i = 0 : CpuLog.sh -> 2019-03-12__17:31:27 6.76 2.72 1.07 76.31 67.67°C note

inner while i = 0 : CpuLog.sh -> 2019-03-12__17:31:27 6.76 2.72 1.07 77.58 67.67°C note

inner while i = 0 : CpuLog.sh -> 2019-03-12__17:31:27 6.76 2.72 1.07 77.17 67.67°C note

inner while i = 0 : CpuLog.sh -> 2019-03-12__17:31:27 6.76 2.72 1.07 78.73 67.67°C note

inner while i = 0 : CpuLog.sh -> 2019-03-12__17:31:27 6.76 2.72 1.07 76.75 68.21°C note

inner while i = 0 : CpuLog.sh -> 2019-03-12__17:31:27 6.76 2.72 1.07 76.31 68.75°C note

inner while i = 0 : CpuLog.sh -> 2019-03-12__17:31:27 6.76 2.72 1.07 76.86 67.67°C note

inner while i = 0 : CpuLog.sh -> 2019-03-12__17:31:27 6.76 2.72 1.07 76.42 68.75°C note

inner while i = 0 : CpuLog.sh -> 2019-03-12__17:31:27 6.76 2.72 1.07 75.97 68.75°C note

inner while i = 0 : CpuLog.sh -> 2019-03-12__17:31:27 6.76 2.72 1.07 77.68 67.67°C note

inner while i = 0 : CpuLog.sh -> 2019-03-12__17:31:28 6.76 2.72 1.07 33.50 69.29°C note

inner while i = 0 : CpuLog.sh -> 2019-03-12__17:31:28 6.76 2.72 1.07 34.47 68.75°C note

inner while i = 0 : CpuLog.sh -> 2019-03-12__17:31:28 6.94 2.83 1.11 30.55 68.75°C note

inner while i = 0 : CpuLog.sh -> 2019-03-12__17:31:28 6.94 2.83 1.11 30.40 68.75°C note

inner while i = 0 : CpuLog.sh -> 2019-03-12__17:31:29 6.94 2.83 1.11 48.08 67.67°C note

inner while i = 0 : CpuLog.sh -> 2019-03-12__17:31:29 6.94 2.83 1.11 48.08 68.21°C note

inner while i = 0 : CpuLog.sh -> 2019-03-12__17:31:29 6.94 2.83 1.11 33.83 68.21°C note

inner while i = 0 : CpuLog.sh -> 2019-03-12__17:31:29 6.94 2.83 1.11 34.77 68.21°C note

inner while i = 0 : CpuLog.sh -> 2019-03-12__17:31:30 6.94 2.83 1.11 42.93 67.67°C note

inner while i = 0 : CpuLog.sh -> 2019-03-12__17:31:30 6.94 2.83 1.11 42.44 67.67°C note

inner while i = 0 : CpuLog.sh -> 2019-03-12__17:31:30 6.94 2.83 1.11 30.20 68.75°C note

inner while i = 0 : CpuLog.sh -> 2019-03-12__17:31:30 6.94 2.83 1.11 30.55 68.75°C note

inner while i = 0 : CpuLog.sh -> 2019-03-12__17:32:22 3.18 2.43 1.06 25.75 60.14°C note

inner while i = 0 : CpuLog.sh -> 2019-03-12__17:32:25 3.00 2.41 1.06 25.50 60.68°C note

inner while i = 0 : CpuLog.sh -> 2019-03-12__17:33:06 1.81 2.17 1.04 25.62 57.99°C note

inner while i = 0 : CpuLog.sh -> 2019-03-12__17:33:09 1.75 2.15 1.04 25.62 60.14°C note

inner while i = 0 : CpuLog.sh -> 2019-03-12__17:34:22 1.10 1.85 1.01 25.50 63.37°C note

inner while i = 0 : CpuLog.sh -> 2019-03-12__17:34:25 1.09 1.84 1.01 25.62 63.37°C note

inner while i = 0 : CpuLog.sh -> 2019-03-12__17:34:28 1.09 1.84 1.01 25.37 62.30°C note

inner while i = 0 : CpuLog.sh -> 2019-03-12__17:34:31 1.08 1.82 1.01 25.50 63.37°C note

inner while i = 0 : CpuLog.sh -> 2019-03-12__17:34:32 1.08 1.82 1.01 26.48 63.91°C note

inner while i = 0 : CpuLog.sh -> 2019-03-12__17:34:34 1.08 1.81 1.01 25.99 64.45°C note

inner while i = 0 : CpuLog.sh -> 2019-03-12__17:34:35 1.08 1.81 1.01 25.75 63.37°C note

inner while i = 0 : CpuLog.sh -> 2019-03-12__17:34:37 1.08 1.81 1.01 25.50 63.91°C note

inner while i = 0 : CpuLog.sh -> 2019-03-12__17:34:38 1.08 1.81 1.01 25.50 64.45°C note

inner while i = 0 : CpuLog.sh -> 2019-03-12__17:34:40 1.23 1.83 1.02 25.62 64.45°C note

inner while i = 0 : CpuLog.sh -> 2019-03-12__17:34:41 1.23 1.83 1.02 30.55 64.45°C note

inner while i = 0 : CpuLog.sh -> 2019-03-12__17:34:43 1.23 1.83 1.02 32.85 64.45°C note

inner while i = 0 : CpuLog.sh -> 2019-03-12__17:34:43 1.23 1.83 1.02 28.08 63.91°C note

inner while i = 0 : CpuLog.sh -> 2019-03-12__17:34:44 1.21 1.82 1.02 25.86 64.99°C note

inner while i = 0 : CpuLog.sh -> 2019-03-12__17:34:46 1.21 1.82 1.02 31.35 64.45°C note

inner while i = 0 : CpuLog.sh -> 2019-03-12__17:34:46 1.21 1.82 1.02 27.10 64.45°C note

inner while i = 0 : CpuLog.sh -> 2019-03-12__17:34:47 1.21 1.82 1.02 25.00 64.45°C note

inner while i = 0 : CpuLog.sh -> 2019-03-12__17:34:49 1.20 1.80 1.02 34.85 64.45°C note

inner while i = 0 : CpuLog.sh -> 2019-03-12__17:34:49 1.20 1.80 1.02 30.70 64.99°C note

inner while i = 0 : CpuLog.sh -> 2019-03-12__17:36:26 0.36 1.35 0.93 25.50 56.92°C note

inner while i = 0 : CpuLog.sh -> 2019-03-12__17:36:29 0.41 1.34 0.93 26.24 58.53°C note

inner while i = 0 : CpuLog.sh -> 2019-03-12__17:36:32 0.41 1.34 0.93 26.11 59.61°C note

inner while i = 0 : CpuLog.sh -> 2019-03-12__17:36:35 0.46 1.34 0.93 25.62 60.14°C note

inner while i = 0 : CpuLog.sh -> 2019-03-12__17:36:37 0.46 1.34 0.93 25.62 61.22°C note

inner while i = 0 : CpuLog.sh -> 2019-03-12__17:36:56 0.41 1.27 0.92 1.45 55.30°C note

inner while i = 0 : CpuLog.sh -> 2019-03-12__17:36:58 0.41 1.27 0.92 2.99 54.23°C note

inner while i = 0 : CpuLog.sh -> 2019-03-12__17:37:02 0.37 1.24 0.91 0.50 54.23°C note

inner while i = 0 : CpuLog.sh -> 2019-03-12__17:37:04 0.34 1.22 0.91 0.98 53.69°C note

inner while i = 0 : CpuLog.sh -> 2019-03-12__17:37:06 0.34 1.22 0.91 0.50 53.69°C note

inner while i = 0 : CpuLog.sh -> 2019-03-12__17:37:08 0.34 1.22 0.91 0.49 54.76°C note

inner while i = 0 : CpuLog.sh -> 2019-03-12__17:37:09 0.32 1.20 0.90 0.50 54.76°C note

inner while i = 0 : CpuLog.sh -> 2019-03-12__17:37:11 0.32 1.20 0.90 1.45 54.23°C note

inner while i = 0 : CpuLog.sh -> 2019-03-12__17:38:01 0.14 1.02 0.85 1.45 53.15°C note

inner while i = 0 : CpuLog.sh -> 2019-03-12__17:38:04 0.14 1.02 0.85 2.44 52.61°C note

inner while i = 0 : CpuLog.sh -> 2019-03-12__17:38:07 0.20 1.02 0.85 1.46 52.61°C note

inner while i = 0 : CpuLog.sh -> 2019-03-12__17:38:10 0.19 1.00 0.85 1.47 53.69°C note

inner while i = 0 : CpuLog.sh -> 2019-03-12__17:38:11 0.19 1.00 0.85 5.27 53.15°C note

inner while i = 0 : CpuLog.sh -> 2019-03-12__17:38:13 0.19 1.00 0.85 2.44 52.61°C note

inner while i = 0 : CpuLog.sh -> 2019-03-12__17:38:14 0.17 0.98 0.84 0.49 53.15°C note

inner while i = 0 : CpuLog.sh -> 2019-03-12__17:38:16 0.17 0.98 0.84 1.46 53.15°C note

inner while i = 0 : CpuLog.sh -> 2019-03-12__17:38:17 0.17 0.98 0.84 1.45 52.61°C note

inner while i = 0 : CpuLog.sh -> 2019-03-12__17:38:19 0.17 0.98 0.84 6.41 52.61°C note

inner while i = 0 : CpuLog.sh -> 2019-03-12__17:38:20 0.24 0.98 0.84 1.46 52.61°C note

inner while i = 0 : CpuLog.sh -> 2019-03-12__18:51:17 0.37 0.31 0.30 41.88 60.14°C note

inner while i = 0 : CpuLog.sh -> 2019-03-12__18:51:20 0.42 0.32 0.31 34.32 61.22°C note

inner while i = 0 : CpuLog.sh -> 2019-03-12__18:51:23 0.47 0.33 0.31 31.04 61.22°C note

inner while i = 0 : CpuLog.sh -> 2019-03-12__18:51:26 0.47 0.33 0.31 27.59 63.37°C note

inner while i = 0 : CpuLog.sh -> 2019-03-12__18:51:36 0.48 0.34 0.31 29.07 60.68°C note

inner while i = 0 : CpuLog.sh -> 2019-03-12__18:51:39 0.52 0.35 0.32 33.97 61.76°C note

inner while i = 0 : CpuLog.sh -> 2019-03-12__18:51:42 0.52 0.35 0.32 29.71 62.30°C note

inner while i = 0 : CpuLog.sh -> 2019-03-12__18:51:45 0.56 0.36 0.32 36.95 62.83°C note

inner while i = 0 : CpuLog.sh -> 2019-03-12__18:51:46 0.56 0.36 0.32 35.79 63.37°C note

inner while i = 0 : CpuLog.sh -> 2019-03-12__18:51:48 0.59 0.37 0.32 34.66 63.37°C note

inner while i = 0 : CpuLog.sh -> 2019-03-12__18:53:50 0.42 0.39 0.34 4.74 56.92°C note

inner while i = 0 : CpuLog.sh -> 2019-03-12__18:53:53 0.38 0.39 0.34 3.45 56.38°C note

inner while i = 0 : CpuLog.sh -> 2019-03-12__18:53:56 0.38 0.39 0.34 7.36 56.38°C note

inner while i = 0 : CpuLog.sh -> 2019-03-12__18:53:59 0.35 0.38 0.34 0.50 56.92°C note

inner while i = 0 : CpuLog.sh -> 2019-03-12__18:54:01 0.35 0.38 0.34 26.50 57.99°C note

inner while i = 0 : CpuLog.sh -> 2019-03-12__18:54:02 0.35 0.38 0.34 27.10 58.53°C note

inner while i = 0 : CpuLog.sh -> 2019-03-12__18:54:04 0.41 0.39 0.34 60.39 58.53°C note

inner while i = 0 : CpuLog.sh -> 2019-03-12__18:54:05 0.41 0.39 0.34 56.53 58.53°C note

inner while i = 0 : CpuLog.sh -> 2019-03-12__18:54:07 0.41 0.39 0.34 28.37 57.99°C note

inner while i = 0 : CpuLog.sh -> 2019-03-12__18:54:08 0.53 0.42 0.35 26.61 59.61°C note

inner while i = 0 : CpuLog.sh -> 2019-03-12__18:55:00 0.23 0.35 0.33 1.45 54.23°C note

inner while i = 0 : CpuLog.sh -> 2019-03-12__18:55:03 0.23 0.35 0.33 2.89 54.23°C note

inner while i = 0 : CpuLog.sh -> 2019-03-12__18:55:06 0.37 0.38 0.34 2.42 53.69°C note

inner while i = 0 : CpuLog.sh -> 2019-03-12__18:55:09 0.34 0.37 0.34 3.35 53.69°C note

inner while i = 0 : CpuLog.sh -> 2019-03-12__18:55:11 0.34 0.37 0.34 13.87 54.23°C note

inner while i = 0 : CpuLog.sh -> 2019-03-12__18:55:12 0.34 0.37 0.34 26.24 55.30°C note

inner while i = 0 : CpuLog.sh -> 2019-03-12__18:55:14 0.39 0.38 0.34 26.97 56.92°C note

inner while i = 0 : CpuLog.sh -> 2019-03-12__18:55:15 0.39 0.38 0.34 25.75 57.45°C note

inner while i = 0 : CpuLog.sh -> 2019-03-12__18:55:17 0.39 0.38 0.34 25.99 57.99°C note

inner while i = 0 : CpuLog.sh -> 2019-03-12__18:55:18 0.39 0.38 0.34 2.47 57.99°C note

inner while i = 0 : CpuLog.sh -> 2019-03-12__18:55:20 0.44 0.39 0.34 0.98 57.45°C note

inner while i = 0 : CpuLog.sh -> 2019-03-12__18:58:07 0.33 0.35 0.34 2.98 55.84°C note

inner while i = 0 : CpuLog.sh -> 2019-03-12__18:58:10 0.39 0.36 0.34 18.72 57.45°C note

inner while i = 0 : CpuLog.sh -> 2019-03-12__18:58:32 0.28 0.34 0.33 0.98 53.69°C note

inner while i = 0 : CpuLog.sh -> 2019-03-12__18:58:35 0.25 0.33 0.33 0.97 53.69°C note

inner while i = 0 : CpuLog.sh -> 2019-03-12__18:58:38 0.25 0.33 0.33 0.00 52.61°C note

CpuLog.sh -> 2019-03-12__18:59:49 0.15 0.29 0.31 1.95 54.23°C note

CpuLog.sh -> 2019-03-12__18:59:52 0.15 0.29 0.31 0.50 53.69°C note

CpuLog.sh -> 2019-03-12__18:59:55 0.22 0.30 0.32 26.74 56.92°C note

CpuLog.sh -> 2019-03-12__18:59:58 0.22 0.30 0.32 25.62 59.07°C note

CpuLog.sh -> 2019-03-12__19:00:00 0.28 0.31 0.32 25.50 59.07°C note

CpuLog.sh -> 2019-03-12__19:00:12 0.24 0.30 0.32 25.62 58.53°C note

CpuLog.sh -> 2019-03-12__19:00:15 0.30 0.31 0.32 26.11 60.14°C note

CpuLog.sh -> 2019-03-12__19:00:18 0.30 0.31 0.32 25.50 60.68°C note

CpuLog.sh -> 2019-03-12__19:00:21 0.36 0.32 0.33 25.75 61.22°C note

CpuLog.sh -> 2019-03-12__19:00:23 0.36 0.32 0.33 25.62 61.22°C note

CpuLog.sh -> 2019-03-12__19:00:24 0.41 0.33 0.33 25.86 61.22°C note

CpuLog.sh -> 2019-03-12__19:00:26 0.41 0.33 0.33 25.75 61.76°C note

CpuLog.sh -> 2019-03-12__19:08:39 0.17 0.30 0.31 9.46 55.84°C note

CpuLog.sh -> 2019-03-12__19:08:42 0.15 0.30 0.30 5.45 55.30°C note

CpuLog.sh -> 2019-03-12__19:09:37 0.31 0.31 0.31 25.99 60.68°C note

CpuLog.sh -> 2019-03-12__19:09:40 0.37 0.32 0.31 25.50 61.22°C note

CpuLog.sh -> 2019-03-12__19:09:43 0.37 0.32 0.31 26.48 61.22°C note

CpuLog.sh -> 2019-03-12__19:14:50 0.17 0.20 0.26 25.62 57.99°C note

CpuLog.sh -> 2019-03-12__19:16:20 0.10 0.18 0.25 34.66 57.99°C note

CpuLog.sh -> 2019-03-12__19:16:23 0.26 0.22 0.26 25.62 59.07°C note

CpuLog.sh -> 2019-03-12__19:16:26 0.32 0.23 0.26 25.88 59.07°C note

CpuLog.sh -> 2019-03-12__19:18:06 0.50 0.30 0.28 25.62 60.14°C note

CpuLog.sh -> 2019-03-12__19:18:09 0.50 0.30 0.28 27.59 60.14°C note

CpuLog.sh -> 2019-03-12__19:18:12 0.54 0.31 0.29 27.54 60.68°C note

CpuLog.sh -> 2019-03-12__19:19:30 0.46 0.32 0.29 26.97 57.99°C note

CpuLog.sh -> 2019-03-12__19:19:33 0.50 0.33 0.29 32.84 60.14°C note

CpuLog.sh -> 2019-03-12__19:19:36 0.50 0.33 0.29 33.01 61.76°C note

CpuLog.sh -> 2019-03-12__19:21:57 0.24 0.34 0.30 22.55 54.76°C note

CpuLog.sh -> 2019-03-12__19:22:00 0.24 0.34 0.30 18.63 54.76°C note

CpuLog.sh -> 2019-03-12__19:22:03 0.30 0.35 0.31 28.08 56.92°C note

CpuLog.sh -> 2019-03-12__19:22:06 0.30 0.35 0.31 14.36 57.45°C note

CpuLog.sh -> 2019-03-12__19:22:08 0.28 0.35 0.31 7.39 58.53°C note

CpuLog.sh -> 2019-03-12__19:22:09 0.28 0.35 0.31 38.73 59.07°C note

CpuLog.sh -> 2019-03-12__19:22:11 0.28 0.35 0.31 28.08 58.53°C note

CpuLog.sh -> 2019-03-12__19:22:12 0.33 0.36 0.31 38.73 60.14°C note

CpuLog.sh -> 2019-03-12__19:22:14 0.33 0.36 0.31 9.32 60.14°C note

CpuLog.sh -> 2019-03-12__19:22:15 0.33 0.36 0.31 8.38 58.53°C note

CpuLog.sh -> 2019-03-12__19:22:17 0.31 0.35 0.31 3.44 57.99°C note

CpuLog.sh -> 2019-03-12__19:22:18 0.31 0.35 0.31 32.69 59.07°C note

CpuLog.sh -> 2019-03-12__19:22:18 0.31 0.35 0.31 22.17 59.07°C note

CpuLog.sh -> 2019-03-12__19:22:20 0.31 0.35 0.31 5.42 59.07°C note

CpuLog.sh -> 2019-03-12__19:22:21 0.31 0.35 0.31 32.18 59.07°C note

CpuLog.sh -> 2019-03-12__19:22:21 0.36 0.36 0.31 28.08 59.07°C note

CpuLog.sh -> 2019-03-12__19:22:23 0.36 0.36 0.31 26.48 60.68°C note

CpuLog.sh -> 2019-03-12__19:22:24 0.36 0.36 0.31 31.85 60.14°C note

CpuLog.sh -> 2019-03-12__19:22:24 0.36 0.36 0.31 27.59 60.14°C note

CpuLog.sh -> 2019-03-12__19:22:26 0.36 0.36 0.31 25.50 60.68°C note

CpuLog.sh -> 2019-03-12__19:22:27 0.41 0.37 0.32 23.77 61.22°C note

CpuLog.sh -> 2019-03-12__19:22:27 0.41 0.37 0.32 24.64 61.22°C note

CpuLog.sh -> 2019-03-12__19:22:29 0.41 0.37 0.32 18.23 60.14°C note

CpuLog.sh -> 2019-03-12__19:22:29 0.41 0.37 0.32 5.92 60.14°C note

CpuLog.sh -> 2019-03-12__19:22:30 0.41 0.37 0.32 9.81 59.61°C note

CpuLog.sh -> 2019-03-12__19:23:06 0.56 0.41 0.33 20.20 57.99°C note

CpuLog.sh -> 2019-03-12__19:23:09 0.67 0.44 0.34 12.45 57.99°C note

CpuLog.sh -> 2019-03-12__19:23:12 0.70 0.45 0.35 2.46 56.92°C note

CpuLog.sh -> 2019-03-12__19:23:15 0.70 0.45 0.35 26.24 57.99°C note

CpuLog.sh -> 2019-03-12__19:27:13 0.27 0.31 0.30 26.24 55.84°C note

CpuLog.sh -> 2019-03-12__19:27:16 0.27 0.31 0.30 2.98 56.92°C note

CpuLog.sh -> 2019-03-12__19:27:19 0.24 0.30 0.30 12.69 57.99°C note

CpuLog.sh -> 2019-03-12__19:27:22 0.22 0.30 0.30 0.50 55.84°C note

CpuLog.sh -> 2019-03-12__19:27:24 0.22 0.30 0.30 6.29 55.30°C note

CpuLog.sh -> 2019-03-12__19:27:25 0.22 0.30 0.30 10.35 55.84°C note

CpuLog.sh -> 2019-03-12__19:27:27 0.29 0.31 0.30 14.22 55.84°C note

CpuLog.sh -> 2019-03-12__19:27:28 0.29 0.31 0.30 33.01 57.99°C note

CpuLog.sh -> 2019-03-12__19:27:30 0.29 0.31 0.30 38.73 59.07°C note

CpuLog.sh -> 2019-03-12__19:27:31 0.29 0.31 0.30 27.73 59.07°C note

CpuLog.sh -> 2019-03-12__19:27:33 0.34 0.32 0.31 25.62 60.14°C note

CpuLog.sh -> 2019-03-12__19:27:34 0.34 0.32 0.31 31.85 60.14°C note

CpuLog.sh -> 2019-03-12__19:27:35 0.34 0.32 0.31 27.81 60.14°C note

CpuLog.sh -> 2019-03-12__19:27:36 0.34 0.32 0.31 25.88 60.14°C note

CpuLog.sh -> 2019-03-12__19:27:37 0.40 0.33 0.31 31.85 59.61°C note

CpuLog.sh -> 2019-03-12__19:27:38 0.40 0.33 0.31 27.73 60.14°C note

CpuLog.sh -> 2019-03-12__19:27:39 0.40 0.33 0.31 28.79 60.14°C note

CpuLog.sh -> 2019-03-12__19:27:40 0.40 0.33 0.31 31.69 60.68°C note

CpuLog.sh -> 2019-03-12__19:27:41 0.40 0.33 0.31 27.10 60.68°C note

CpuLog.sh -> 2019-03-12__19:27:42 0.45 0.34 0.32 25.38 61.76°C note

CpuLog.sh -> 2019-03-12__19:29:38 0.26 0.31 0.31 3.42 55.84°C note

CpuLog.sh -> 2019-03-12__19:29:41 0.26 0.31 0.31 1.94 54.76°C note

CpuLog.sh -> 2019-03-12__19:29:44 0.24 0.31 0.30 0.50 54.76°C note

CpuLog.sh -> 2019-03-12__19:29:47 0.30 0.32 0.31 25.62 56.38°C note

CpuLog.sh -> 2019-03-12__19:29:49 0.30 0.32 0.31 52.22 58.53°C note

CpuLog.sh -> 2019-03-12__19:29:50 0.30 0.32 0.31 26.83 59.61°C note

CpuLog.sh -> 2019-03-12__19:29:52 0.30 0.32 0.31 25.62 59.07°C note

CpuLog.sh -> 2019-03-12__19:29:53 0.35 0.33 0.31 26.48 59.07°C note

CpuLog.sh -> 2019-03-12__19:29:55 0.35 0.33 0.31 25.99 60.14°C note

CpuLog.sh -> 2019-03-12__19:29:56 0.35 0.33 0.31 27.19 59.61°C note

CpuLog.sh -> 2019-03-12__19:29:58 0.41 0.34 0.31 26.48 60.14°C note

CpuLog.sh -> 2019-03-12__19:29:59 0.41 0.34 0.31 32.18 60.68°C note

CpuLog.sh -> 2019-03-12__19:30:00 0.41 0.34 0.31 27.23 61.22°C note

CpuLog.sh -> 2019-03-12__20:28:20 0.78 0.30 0.14 25.62 59.07°C note

CpuLog.sh -> 2019-03-12__20:28:23 0.78 0.30 0.14 25.62 59.07°C note

CpuLog.sh -> 2019-03-12__20:28:26 0.80 0.31 0.14 25.50 59.07°C note

CpuLog.sh -> 2019-03-12__20:28:29 0.80 0.31 0.14 27.23 59.07°C note

CpuLog.sh -> 2019-03-12__20:28:31 0.81 0.33 0.15 25.75 59.07°C note

CpuLog.sh -> 2019-03-12__20:28:32 0.81 0.33 0.15 25.37 59.61°C note

CpuLog.sh -> 2019-03-12__20:46:09 0.24 0.22 0.19 27.87 55.84°C note

CpuLog.sh -> 2019-03-12__20:46:12 0.30 0.23 0.19 0.50 56.38°C note

CpuLog.sh -> 2019-03-12__20:46:15 0.30 0.23 0.19 12.26 53.69°C note

CpuLog.sh -> 2019-03-12__20:46:18 0.36 0.24 0.20 12.32 55.84°C note

CpuLog.sh -> 2019-03-12__20:46:20 0.36 0.24 0.20 1.47 55.84°C note

CpuLog.sh -> 2019-03-12__20:46:22 0.33 0.24 0.19 3.44 55.30°C note

CpuLog.sh -> 2019-03-12__20:46:25 0.33 0.24 0.19 1.94 53.15°C note

CpuLog.sh -> 2019-03-12__20:46:28 0.30 0.24 0.19 35.33 54.23°C note

CpuLog.sh -> 2019-03-12__20:46:31 0.30 0.24 0.19 29.13 56.92°C note

CpuLog.sh -> 2019-03-12__20:46:33 0.44 0.26 0.20 31.69 56.92°C note

CpuLog.sh -> 2019-03-12__20:46:34 0.44 0.26 0.20 25.50 57.99°C note

CpuLog.sh -> 2019-03-12__20:46:36 0.44 0.26 0.20 37.08 57.99°C note

CpuLog.sh -> 2019-03-12__20:46:37 0.48 0.28 0.21 27.10 59.07°C note

CpuLog.sh -> 2019-03-12__20:46:39 0.48 0.28 0.21 26.35 59.61°C note

CpuLog.sh -> 2019-03-12__20:46:40 0.48 0.28 0.21 34.16 60.14°C note

CpuLog.sh -> 2019-03-12__20:46:42 0.53 0.29 0.21 48.04 60.14°C note

CpuLog.sh -> 2019-03-12__20:46:43 0.53 0.29 0.21 33.50 61.22°C note

CpuLog.sh -> 2019-03-12__20:46:44 0.53 0.29 0.21 35.65 60.68°C note

CpuLog.sh -> 2019-03-12__20:46:45 0.53 0.29 0.21 7.89 61.76°C note

CpuLog.sh -> 2019-03-12__20:46:46 0.64 0.32 0.22 12.32 59.07°C note

CpuLog.sh -> 2019-03-12__20:46:52 0.75 0.35 0.23 47.03 60.68°C note

CpuLog.sh -> 2019-03-12__20:46:55 0.75 0.35 0.23 12.32 61.22°C note

CpuLog.sh -> 2019-03-12__20:53:50 0.03 0.16 0.18 25.62 54.76°C note

CpuLog.sh -> 2019-03-12__20:53:53 0.10 0.17 0.18 0.50 55.84°C note

CpuLog.sh -> 2019-03-12__21:00:26 0.09 0.11 0.14 3.85 50.46°C note

CpuLog.sh -> 2019-03-12__21:00:29 0.08 0.11 0.14 4.93 50.46°C note

CpuLog.sh -> 2019-03-12__21:00:32 0.08 0.11 0.14 0.98 50.46°C note

CpuLog.sh -> 2019-03-12__21:00:35 0.08 0.10 0.14 1.94 51.00°C note

CpuLog.sh -> 2019-03-12__21:00:37 0.08 0.10 0.14 1.45 50.46°C note

CpuLog.sh -> 2019-03-12__21:03:33 0.19 0.12 0.13 0.98 50.46°C note

CpuLog.sh -> 2019-03-12__21:03:36 0.18 0.12 0.13 0.50 49.92°C normal

CpuLog.sh -> 2019-03-12__21:03:39 0.16 0.12 0.13 22.28 50.46°C note

CpuLog.sh -> 2019-03-12__21:03:42 0.16 0.12 0.13 1.45 50.46°C note

CpuLog.sh -> 2019-03-12__21:03:44 0.15 0.11 0.13 0.99 50.46°C note

CpuLog.sh ->->->->
 2019-03-12__21:05:44 0.08 0.09 0.11 0.50 51.54°C note

CpuLog.sh ->->->->
 2019-03-12__21:05:47 0.08 0.09 0.11 1.46 51.00°C note

CpuLog.sh ->->->->
 2019-03-12__21:05:50 0.07 0.09 0.11 2.89 51.54°C note

CpuLog.sh ->->->->
 2019-03-12__21:05:53 0.07 0.09 0.11 1.46 51.00°C note

CpuLog.sh ->->->->
 2019-03-12__21:05:55 0.07 0.08 0.11 2.41 51.00°C note

CpuLog.sh ->->->->
 2019-03-12__21:05:56 0.07 0.08 0.11 0.50 50.46°C note

CpuLog.sh ->->->->
 2019-03-12__21:05:58 0.07 0.08 0.11 1.46 51.54°C note

CpuLog.sh ->->->->
 2019-03-12__21:05:59 0.06 0.08 0.11 1.45 51.00°C note

CpuLog.sh ->->->->
 2019-03-12__21:06:01 0.06 0.08 0.11 9.41 51.54°C note

CpuLog.sh ->->->->
 2019-03-12__21:06:02 0.06 0.08 0.11 0.50 51.54°C note

CpuLog.sh ->->->->
 2019-03-12__21:06:14 0.05 0.08 0.11 1.45 52.07°C note

CpuLog.sh ->->->->
 2019-03-12__21:06:17 0.13 0.10 0.11 1.46 51.54°C note

CpuLog.sh ->->->->
 2019-03-12__21:06:20 0.12 0.09 0.11 0.50 51.54°C note

CpuLog.sh ->->->->
 2019-03-13__17:37:03 0.23 0.10 0.09 0.50 52.07°C note

CpuLog.sh ->->->->
 2019-03-13__17:37:06 0.23 0.10 0.09 0.99 51.54°C note

CpuLog.sh ->->->->
 2019-03-13__17:37:09 0.22 0.10 0.09 5.42 51.54°C note

CpuLog.sh ->->->->
 2019-03-14__14:34:59 0.00 0.04 0.00 1.47 49.38°C normal

CpuLog.sh ->->->->
 2019-03-14__14:35:02 0.00 0.04 0.00 0.50 49.38°C normal

CpuLog.sh ->->->->
 2019-03-14__14:35:05 0.00 0.04 0.00 1.94 48.85°C normal

CpuLog.sh ->->->->
 2019-03-14__14:35:08 0.00 0.04 0.00 0.50 49.38°C normal

CpuLog.sh ->->->->
 2019-03-14__14:35:10 0.00 0.04 0.00 1.94 49.38°C normal

CpuLog.sh ->->->->
 2019-03-14__14:35:11 0.00 0.04 0.00 1.46 49.38°C normal

CpuLog.sh ->->->->
 2019-03-14__14:35:13 0.00 0.04 0.00 6.83 49.38°C normal

CpuLog.sh ->->->->
 2019-03-14__14:35:14 0.00 0.04 0.00 1.45 50.46°C note

CpuLog.sh ->->->->
 2019-03-14__14:35:18 0.00 0.04 0.00 0.98 49.38°C normal

CpuLog.sh ->->->->
 2019-03-14__14:35:21 0.00 0.04 0.00 0.49 49.38°C normal

CpuLog.sh ->->->->
 2019-03-14__14:35:24 0.00 0.04 0.00 1.46 49.38°C normal

CpuLog.sh ->->->->
 2019-03-14__14:35:27 0.00 0.04 0.00 0.50 49.92°C normal

CpuLog.sh ->->->->
 2019-03-14__14:53:20 0.02 0.02 0.00 1.46 49.92°C normal

CpuLog.sh ->->->->
 2019-03-14__14:53:23 0.02 0.02 0.00 0.99 49.38°C normal

CpuLog.sh ->->->->
 2019-03-14__14:53:26 0.18 0.06 0.01 1.95 49.38°C normal

CpuLog.sh ->->->->
 2019-03-14__14:53:29 0.17 0.06 0.01 8.87 49.38°C normal

CpuLog.sh ->->->->
 2019-03-14__14:53:31 0.17 0.06 0.01 0.98 49.92°C normal

CpuLog.sh ->->->->
 2019-03-14__14:53:32 0.17 0.06 0.01 1.46 49.38°C normal

CpuLog.sh ->->->->
 2019-03-14__14:53:34 0.23 0.07 0.02 0.49 49.92°C normal

CpuLog.sh ->->->->
 2019-03-14__14:53:35 0.23 0.07 0.02 2.90 49.38°C normal

CpuLog.sh ->->->->
 2019-03-14__14:53:37 0.23 0.07 0.02 1.45 49.38°C normal

CpuLog.sh ->->->->
 2019-03-14__14:53:38 0.23 0.07 0.02 1.94 49.38°C normal

CpuLog.sh ->->->->
 2019-03-14__14:53:40 0.22 0.07 0.02 0.98 50.46°C note

CpuLog.sh ->->->->
 2019-03-14__14:53:41 0.22 0.07 0.02 7.81 50.46°C note

CpuLog.sh ->->->->
 2019-03-14__14:53:42 0.22 0.07 0.02 3.42 50.46°C note

CpuLog.sh ->->->->
 2019-03-14__14:53:43 0.22 0.07 0.02 1.45 49.92°C normal

CpuLog.sh ->->->->
 2019-03-14__14:53:44 0.20 0.07 0.01 13.24 49.92°C normal

CpuLog.sh ->->->->
 2019-03-14__14:53:45 0.20 0.07 0.01 4.37 49.38°C normal

CpuLog.sh ->->->->
 2019-03-14__14:53:46 0.20 0.07 0.01 0.50 50.46°C note

CpuLog.sh ->->->->
 2019-03-14__14:53:47 0.20 0.07 0.01 13.53 49.92°C normal

CpuLog.sh ->->->->
 2019-03-14__14:53:48 0.20 0.07 0.01 4.40 50.46°C note

CpuLog.sh ->->->->
 2019-03-14__14:53:49 0.34 0.10 0.03 0.99 49.92°C normal

CpuLog.sh ->->->->
 2019-03-14__14:53:50 0.34 0.10 0.03 12.20 50.46°C note

CpuLog.sh ->->->->
 2019-03-14__14:53:51 0.34 0.10 0.03 1.99 50.46°C note

CpuLog.sh ->->->->
 2019-03-14__14:53:52 0.34 0.10 0.03 12.75 49.92°C normal

CpuLog.sh ->->->->
 2019-03-14__14:53:52 0.34 0.10 0.03 4.81 50.46°C note

CpuLog.sh ->->->->
 2019-03-14__14:53:53 0.34 0.10 0.03 13.60 50.46°C note

CpuLog.sh ->->->->
 2019-03-14__14:53:54 0.34 0.10 0.03 4.86 50.46°C note

CpuLog.sh ->->->->
 2019-03-14__14:53:55 0.31 0.10 0.02 13.31 50.46°C note

CpuLog.sh ->->->->
 2019-03-14__14:53:55 0.31 0.10 0.02 3.91 49.92°C normal

CpuLog.sh ->->->->
 2019-03-14__14:53:56 0.31 0.10 0.02 6.44 49.92°C normal

CpuLog.sh ->->->->
 2019-03-14__14:53:57 0.31 0.10 0.02 1.98 50.46°C note

CpuLog.sh ->->->->
 2019-03-14__14:53:58 0.31 0.10 0.02 13.11 49.92°C normal

CpuLog.sh ->->->->
 2019-03-14__14:53:58 0.31 0.10 0.02 7.47 50.46°C note

CpuLog.sh ->->->->
 2019-03-14__14:53:59 0.29 0.10 0.02 8.79 51.00°C note

CpuLog.sh ->->->->
 2019-03-14__14:54:00 0.29 0.10 0.02 5.77 51.54°C note

CpuLog.sh ->->->->
 2019-03-14__14:54:01 0.29 0.10 0.02 13.60 50.46°C note

CpuLog.sh ->->->->
 2019-03-14__14:54:01 0.29 0.10 0.02 4.35 49.92°C normal

CpuLog.sh ->->->->
 2019-03-14__14:54:02 0.29 0.10 0.02 6.44 50.46°C note

CpuLog.sh ->->->->
 2019-03-14__14:54:03 0.29 0.10 0.02 15.13 51.00°C note

CpuLog.sh ->->->->
 2019-03-14__14:54:03 0.29 0.10 0.02 3.93 50.46°C note

CpuLog.sh ->->->->
 2019-03-14__14:54:04 0.29 0.10 0.02 14.01 50.46°C note

CpuLog.sh ->->->->
 2019-03-14__14:54:05 0.43 0.13 0.04 5.32 50.46°C note

CpuLog.sh ->->->->
 2019-03-14__14:54:05 0.43 0.13 0.04 10.40 50.46°C note

CpuLog.sh ->->->->
 2019-03-14__14:54:06 0.43 0.13 0.04 8.92 50.46°C note

CpuLog.sh ->->->->
 2019-03-14__14:54:06 0.43 0.13 0.04 3.42 51.54°C note

CpuLog.sh ->->->->
 2019-03-14__14:54:07 0.43 0.13 0.04 12.81 51.00°C note

CpuLog.sh ->->->->
 2019-03-14__14:54:07 0.43 0.13 0.04 3.91 51.00°C note

CpuLog.sh ->->->->
 2019-03-14__14:54:08 0.43 0.13 0.04 15.64 51.00°C note

CpuLog.sh ->->->->
 2019-03-14__14:54:09 0.43 0.13 0.04 12.26 50.46°C note

CpuLog.sh ->->->->
 2019-03-14__14:54:09 0.47 0.14 0.04 2.46 51.00°C note

CpuLog.sh ->->->->
 2019-03-14__14:54:10 0.47 0.14 0.04 13.05 51.54°C note

CpuLog.sh ->->->->
 2019-03-14__14:54:10 0.47 0.14 0.04 4.35 51.54°C note

CpuLog.sh ->->->->
 2019-03-14__14:54:11 0.47 0.14 0.04 7.39 51.00°C note

CpuLog.sh ->->->->
 2019-03-14__14:54:12 0.47 0.14 0.04 15.05 51.54°C note

CpuLog.sh ->->->->
 2019-03-14__14:54:12 0.47 0.14 0.04 4.84 51.54°C note

CpuLog.sh ->->->->
 2019-03-14__14:54:13 0.47 0.14 0.04 14.08 51.54°C note

CpuLog.sh ->->->->
 2019-03-14__14:54:13 0.47 0.14 0.04 19.33 51.54°C note

CpuLog.sh ->->->->
 2019-03-14__14:54:14 0.47 0.14 0.04 15.13 50.46°C note

CpuLog.sh ->->->->
 2019-03-14__14:54:14 0.52 0.16 0.05 10.20 51.54°C note

CpuLog.sh ->->->->
 2019-03-14__14:54:15 0.52 0.16 0.05 12.32 51.54°C note

CpuLog.sh ->->->->
 2019-03-14__14:54:15 0.52 0.16 0.05 0.49 52.07°C note

CpuLog.sh ->->->->
 2019-03-14__14:54:16 0.52 0.16 0.05 13.73 52.07°C note

CpuLog.sh ->->->->
 2019-03-14__14:54:16 0.52 0.16 0.05 8.96 51.54°C note

CpuLog.sh ->->->->
 2019-03-14__14:54:17 0.52 0.16 0.05 15.46 52.07°C note

CpuLog.sh ->->->->
 2019-03-14__14:54:17 0.52 0.16 0.05 16.10 52.07°C note

CpuLog.sh ->->->->
 2019-03-14__14:54:18 0.52 0.16 0.05 14.78 51.54°C note

CpuLog.sh ->->->->
 2019-03-14__14:54:18 0.52 0.16 0.05 2.48 51.54°C note

CpuLog.sh ->->->->
 2019-03-14__14:54:19 0.52 0.16 0.05 8.42 52.61°C note

CpuLog.sh ->->->->
 2019-03-14__14:54:19 0.63 0.19 0.06 13.50 52.61°C note

CpuLog.sh ->->->->
 2019-03-14__14:54:20 0.63 0.19 0.06 15.85 52.07°C note

CpuLog.sh ->->->->
 2019-03-14__14:54:20 0.63 0.19 0.06 17.88 52.61°C note

CpuLog.sh ->->->->
 2019-03-14__14:54:21 0.63 0.19 0.06 17.40 52.07°C note

CpuLog.sh ->->->->
 2019-03-14__14:54:21 0.63 0.19 0.06 4.86 51.54°C note

CpuLog.sh ->->->->
 2019-03-14__14:54:22 0.63 0.19 0.06 34.15 51.54°C note

CpuLog.sh ->->->->
 2019-03-14__14:54:22 0.63 0.19 0.06 17.83 51.54°C note

CpuLog.sh ->->->->
 2019-03-14__14:54:23 0.63 0.19 0.06 17.16 51.54°C note

CpuLog.sh ->->->->
 2019-03-14__14:54:23 0.63 0.19 0.06 18.75 51.54°C note

CpuLog.sh ->->->->
 2019-03-14__14:54:24 0.63 0.19 0.06 18.32 51.54°C note

CpuLog.sh ->->->->
 2019-03-14__14:54:24 0.58 0.19 0.06 10.25 51.54°C note

CpuLog.sh ->->->->
 2019-03-14__14:54:25 0.58 0.19 0.06 13.18 52.07°C note

CpuLog.sh ->->->->
 2019-03-14__14:54:25 0.58 0.19 0.06 18.67 52.61°C note

CpuLog.sh ->->->->
 2019-03-14__14:54:25 0.58 0.19 0.06 11.83 51.54°C note

CpuLog.sh ->->->->
 2019-03-14__14:54:26 0.58 0.19 0.06 20.78 51.54°C note

CpuLog.sh ->->->->
 2019-03-14__14:54:26 0.58 0.19 0.06 16.67 52.07°C note

CpuLog.sh ->->->->
 2019-03-14__14:54:27 0.58 0.19 0.06 9.32 51.54°C note

CpuLog.sh ->->->->
 2019-03-14__14:54:27 0.58 0.19 0.06 14.43 52.61°C note

CpuLog.sh ->->->->
 2019-03-14__14:54:28 0.58 0.19 0.06 15.28 52.61°C note

CpuLog.sh ->->->->
 2019-03-14__14:54:28 0.58 0.19 0.06 16.10 52.61°C note

CpuLog.sh ->->->->
 2019-03-14__14:54:28 0.58 0.19 0.06 18.45 51.54°C note

CpuLog.sh ->->->->
 2019-03-14__14:54:29 0.58 0.19 0.06 12.38 52.07°C note

CpuLog.sh ->->->->
 2019-03-14__14:54:29 0.62 0.20 0.06 14.00 52.61°C note

CpuLog.sh ->->->->
 2019-03-14__14:54:30 0.62 0.20 0.06 17.16 52.07°C note

CpuLog.sh ->->->->
 2019-03-14__14:54:30 0.62 0.20 0.06 19.53 52.61°C note

CpuLog.sh ->->->->
 2019-03-14__14:54:31 0.62 0.20 0.06 17.57 52.07°C note

CpuLog.sh ->->->->
 2019-03-14__14:54:31 0.62 0.20 0.06 17.25 52.07°C note

CpuLog.sh ->->->->
 2019-03-14__14:54:31 0.62 0.20 0.06 17.88 52.07°C note

CpuLog.sh ->->->->
 2019-03-14__14:54:32 0.62 0.20 0.06 17.65 52.07°C note

CpuLog.sh ->->->->
 2019-03-14__14:54:32 0.62 0.20 0.06 18.94 52.07°C note

CpuLog.sh ->->->->
 2019-03-14__14:54:33 0.62 0.20 0.06 17.25 52.07°C note

CpuLog.sh ->->->->
 2019-03-14__14:54:33 0.62 0.20 0.06 17.31 52.07°C note

CpuLog.sh ->->->->
 2019-03-14__14:54:34 0.62 0.20 0.06 10.79 51.54°C note

CpuLog.sh ->->->->
 2019-03-14__14:54:34 0.62 0.20 0.06 11.95 52.61°C note

CpuLog.sh ->->->->
 2019-03-14__14:54:34 0.65 0.21 0.07 15.93 53.15°C note

CpuLog.sh ->->->->
 2019-03-14__14:54:35 0.65 0.21 0.07 27.81 51.54°C note

CpuLog.sh ->->->->
 2019-03-14__14:54:35 0.65 0.21 0.07 13.18 52.07°C note

CpuLog.sh ->->->->
 2019-03-14__14:54:35 0.65 0.21 0.07 12.20 52.61°C note

CpuLog.sh ->->->->
 2019-03-14__14:54:36 0.65 0.21 0.07 11.95 53.69°C note

CpuLog.sh ->->->->
 2019-03-14__14:54:36 0.65 0.21 0.07 8.34 52.61°C note

CpuLog.sh ->->->->
 2019-03-14__14:54:37 0.65 0.21 0.07 14.36 52.61°C note

CpuLog.sh ->->->->
 2019-03-14__14:54:37 0.65 0.21 0.07 8.46 52.61°C note

CpuLog.sh ->->->->
 2019-03-14__14:54:37 0.65 0.21 0.07 16.34 52.61°C note

CpuLog.sh ->->->->
 2019-03-14__14:54:38 0.65 0.21 0.07 24.76 52.61°C note

CpuLog.sh ->->->->
 2019-03-14__14:54:38 0.65 0.21 0.07 11.66 53.15°C note

CpuLog.sh ->->->->
 2019-03-14__14:54:38 0.65 0.21 0.07 11.34 52.61°C note

CpuLog.sh ->->->->
 2019-03-14__14:54:39 0.65 0.21 0.07 19.22 53.15°C note

CpuLog.sh ->->->->
 2019-03-14__14:54:39 0.76 0.24 0.08 10.35 53.15°C note

CpuLog.sh ->->->->
 2019-03-14__14:54:39 0.76 0.24 0.08 9.32 53.69°C note

CpuLog.sh ->->->->
 2019-03-14__14:54:40 0.76 0.24 0.08 7.39 53.15°C note

CpuLog.sh ->->->->
 2019-03-14__14:54:40 0.76 0.24 0.08 15.20 53.69°C note

CpuLog.sh ->->->->
 2019-03-14__14:54:41 0.76 0.24 0.08 17.09 53.15°C note

CpuLog.sh ->->->->
 2019-03-14__14:54:41 0.76 0.24 0.08 13.80 53.69°C note

CpuLog.sh ->->->->
 2019-03-14__14:54:41 0.76 0.24 0.08 14.08 53.69°C note

CpuLog.sh ->->->->
 2019-03-14__14:54:42 0.76 0.24 0.08 10.45 53.69°C note

CpuLog.sh ->->->->
 2019-03-14__14:54:42 0.76 0.24 0.08 13.24 53.69°C note

CpuLog.sh ->->->->
 2019-03-14__14:54:43 0.76 0.24 0.08 17.40 53.69°C note

CpuLog.sh ->->->->
 2019-03-14__14:54:43 0.76 0.24 0.08 16.51 52.61°C note

CpuLog.sh ->->->->
 2019-03-14__14:54:44 0.76 0.24 0.08 14.29 52.61°C note

CpuLog.sh ->->->->
 2019-03-14__14:54:44 0.76 0.24 0.08 19.71 53.69°C note

CpuLog.sh ->->->->
 2019-03-14__14:54:44 0.70 0.24 0.08 19.24 53.69°C note

CpuLog.sh ->->->->
 2019-03-14__14:54:44 0.70 0.24 0.08 20.10 54.23°C note

CpuLog.sh ->->->->
 2019-03-14__14:54:45 0.70 0.24 0.08 19.71 53.69°C note

CpuLog.sh ->->->->
 2019-03-14__14:54:45 0.70 0.24 0.08 8.92 53.69°C note

CpuLog.sh ->->->->
 2019-03-14__14:54:46 0.70 0.24 0.08 23.89 53.69°C note

CpuLog.sh ->->->->
 2019-03-14__14:54:46 0.70 0.24 0.08 11.77 53.69°C note

CpuLog.sh ->->->->
 2019-03-14__14:54:46 0.70 0.24 0.08 10.95 54.23°C note

CpuLog.sh ->->->->
 2019-03-14__14:54:46 0.70 0.24 0.08 4.93 53.69°C note

CpuLog.sh ->->->->
 2019-03-14__14:54:47 0.70 0.24 0.08 14.93 53.69°C note

CpuLog.sh ->->->->
 2019-03-14__14:54:47 0.70 0.24 0.08 18.45 53.69°C note

CpuLog.sh ->->->->
 2019-03-14__14:54:47 0.70 0.24 0.08 20.39 54.23°C note

CpuLog.sh ->->->->
 2019-03-14__14:54:48 0.70 0.24 0.08 20.90 54.23°C note

CpuLog.sh ->->->->
 2019-03-14__14:54:48 0.70 0.24 0.08 9.36 53.69°C note

CpuLog.sh ->->->->
 2019-03-14__14:54:48 0.70 0.24 0.08 21.19 53.69°C note

CpuLog.sh ->->->->
 2019-03-14__14:54:49 0.70 0.24 0.08 26.37 54.76°C note

CpuLog.sh ->->->->
 2019-03-14__14:54:49 0.70 0.24 0.08 26.50 54.23°C note

CpuLog.sh ->->->->
 2019-03-14__14:54:50 0.96 0.30 0.10 39.22 53.15°C note

CpuLog.sh ->->->->
 2019-03-14__14:54:50 0.96 0.30 0.10 48.53 53.69°C note

CpuLog.sh ->->->->
 2019-03-14__14:54:50 0.96 0.30 0.10 27.81 53.69°C note

CpuLog.sh ->->->->
 2019-03-14__14:54:50 0.96 0.30 0.10 19.61 54.23°C note

CpuLog.sh ->->->->
 2019-03-14__14:54:51 0.96 0.30 0.10 21.96 53.69°C note

CpuLog.sh ->->->->
 2019-03-14__14:54:51 0.96 0.30 0.10 18.05 53.69°C note

CpuLog.sh ->->->->
 2019-03-14__14:54:52 0.96 0.30 0.10 25.25 53.69°C note

CpuLog.sh ->->->->
 2019-03-14__14:54:52 0.96 0.30 0.10 11.28 54.23°C note

CpuLog.sh ->->->->
 2019-03-14__14:54:52 0.96 0.30 0.10 11.22 53.69°C note

CpuLog.sh ->->->->
 2019-03-14__14:54:52 0.96 0.30 0.10 16.00 53.69°C note

CpuLog.sh ->->->->
 2019-03-14__14:54:53 0.96 0.30 0.10 20.00 53.69°C note

CpuLog.sh ->->->->
 2019-03-14__14:54:53 0.96 0.30 0.10 13.95 54.76°C note

CpuLog.sh ->->->->
 2019-03-14__14:54:53 0.96 0.30 0.10 13.60 54.23°C note

CpuLog.sh ->->->->
 2019-03-14__14:54:54 0.96 0.30 0.10 7.47 54.23°C note

CpuLog.sh ->->->->
 2019-03-14__14:54:54 0.88 0.30 0.10 9.86 54.23°C note

CpuLog.sh ->->->->
 2019-03-14__14:54:55 0.88 0.30 0.10 24.88 54.23°C note

CpuLog.sh ->->->->
 2019-03-14__14:54:55 0.88 0.30 0.10 11.28 54.23°C note

CpuLog.sh ->->->->
 2019-03-14__14:54:55 0.88 0.30 0.10 10.30 54.23°C note

CpuLog.sh ->->->->
 2019-03-14__14:54:55 0.88 0.30 0.10 18.85 54.76°C note

CpuLog.sh ->->->->
 2019-03-14__14:54:56 0.88 0.30 0.10 22.78 54.76°C note

CpuLog.sh ->->->->
 2019-03-14__14:54:56 0.88 0.30 0.10 23.53 54.23°C note

CpuLog.sh ->->->->
 2019-03-14__14:54:56 0.88 0.30 0.10 20.40 54.76°C note

CpuLog.sh ->->->->
 2019-03-14__14:54:57 0.88 0.30 0.10 20.88 55.30°C note

CpuLog.sh ->->->->
 2019-03-14__14:54:57 0.88 0.30 0.10 21.26 54.76°C note

CpuLog.sh ->->->->
 2019-03-14__14:54:57 0.88 0.30 0.10 13.11 54.23°C note

CpuLog.sh ->->->->
 2019-03-14__14:54:58 0.88 0.30 0.10 18.00 54.23°C note

CpuLog.sh ->->->->
 2019-03-14__14:54:58 0.88 0.30 0.10 17.74 54.76°C note

CpuLog.sh ->->->->
 2019-03-14__14:54:58 0.88 0.30 0.10 15.69 54.76°C note

CpuLog.sh ->->->->
 2019-03-14__14:54:58 0.88 0.30 0.10 18.82 55.84°C note

CpuLog.sh ->->->->
 2019-03-14__14:54:59 0.88 0.30 0.10 20.90 54.76°C note

CpuLog.sh ->->->->
 2019-03-14__14:54:59 0.97 0.32 0.11 18.40 54.76°C note

CpuLog.sh ->->->->
 2019-03-14__14:54:59 0.97 0.32 0.11 26.45 54.76°C note

CpuLog.sh ->->->->
 2019-03-14__14:55:00 0.97 0.32 0.11 9.27 55.84°C note

CpuLog.sh ->->->->
 2019-03-14__14:55:00 0.97 0.32 0.11 9.27 55.84°C note

CpuLog.sh ->->->->
 2019-03-14__14:55:00 0.97 0.32 0.11 18.85 54.76°C note

CpuLog.sh ->->->->
 2019-03-14__14:55:01 0.97 0.32 0.11 41.18 54.76°C note

CpuLog.sh ->->->->
 2019-03-14__14:55:01 0.97 0.32 0.11 23.16 54.76°C note

CpuLog.sh ->->->->
 2019-03-14__14:55:01 0.97 0.32 0.11 14.93 55.30°C note

CpuLog.sh ->->->->
 2019-03-14__14:55:01 0.97 0.32 0.11 15.35 55.30°C note

CpuLog.sh ->->->->
 2019-03-14__14:55:02 0.97 0.32 0.11 24.88 54.76°C note

CpuLog.sh ->->->->
 2019-03-14__14:55:02 0.97 0.32 0.11 28.51 55.30°C note

CpuLog.sh ->->->->
 2019-03-14__14:55:02 0.97 0.32 0.11 29.81 54.76°C note

CpuLog.sh ->->->->
 2019-03-14__14:55:03 0.97 0.32 0.11 48.04 55.84°C note

CpuLog.sh ->->->->
 2019-03-14__14:55:03 0.97 0.32 0.11 49.29 55.84°C note

CpuLog.sh ->->->->
 2019-03-14__14:55:03 0.97 0.32 0.11 9.27 55.30°C note

CpuLog.sh ->->->->
 2019-03-14__14:55:04 0.97 0.32 0.11 19.91 55.84°C note

CpuLog.sh ->->->->
 2019-03-14__14:55:04 0.97 0.32 0.11 14.36 55.84°C note

CpuLog.sh ->->->->
 2019-03-14__14:55:04 0.97 0.32 0.11 12.63 55.84°C note

CpuLog.sh ->->->->
 2019-03-14__14:55:05 0.97 0.34 0.11 12.20 55.30°C note

CpuLog.sh ->->->->
 2019-03-14__14:55:05 0.97 0.34 0.11 22.39 54.76°C note

CpuLog.sh ->->->->
 2019-03-14__14:55:05 0.97 0.34 0.11 26.22 55.84°C note

CpuLog.sh ->->->->
 2019-03-14__14:55:05 0.97 0.34 0.11 29.36 54.76°C note

CpuLog.sh ->->->->
 2019-03-14__14:55:06 0.97 0.34 0.11 10.45 55.84°C note

CpuLog.sh ->->->->
 2019-03-14__14:55:06 0.97 0.34 0.11 10.40 54.76°C note

CpuLog.sh ->->->->
 2019-03-14__14:55:06 0.97 0.34 0.11 15.39 55.84°C note

CpuLog.sh ->->->->
 2019-03-14__14:55:07 0.97 0.34 0.11 15.50 54.76°C note

CpuLog.sh ->->->->
 2019-03-14__14:55:07 0.97 0.34 0.11 23.68 55.84°C note

CpuLog.sh ->->->->
 2019-03-14__14:55:07 0.97 0.34 0.11 25.73 55.84°C note

CpuLog.sh ->->->->
 2019-03-14__14:55:07 0.97 0.34 0.11 17.50 55.84°C note

CpuLog.sh ->->->->
 2019-03-14__14:55:07 0.97 0.34 0.11 14.29 56.38°C note

CpuLog.sh ->->->->
 2019-03-14__14:55:08 0.97 0.34 0.11 14.22 55.84°C note

CpuLog.sh ->->->->
 2019-03-14__14:55:08 0.97 0.34 0.11 23.53 55.30°C note

CpuLog.sh ->->->->
 2019-03-14__14:55:08 0.97 0.34 0.11 24.88 55.84°C note

CpuLog.sh ->->->->
 2019-03-14__14:55:09 0.97 0.34 0.11 25.50 56.38°C note

CpuLog.sh ->->->->
 2019-03-14__14:55:09 0.97 0.34 0.11 21.19 55.84°C note

CpuLog.sh ->->->->
 2019-03-14__14:55:09 0.97 0.34 0.11 17.83 56.38°C note

CpuLog.sh ->->->->
 2019-03-14__14:55:10 0.90 0.33 0.11 16.00 55.84°C note

CpuLog.sh ->->->->
 2019-03-14__14:55:10 0.90 0.33 0.11 9.32 55.84°C note

CpuLog.sh ->->->->
 2019-03-14__14:55:10 0.90 0.33 0.11 17.15 55.84°C note

CpuLog.sh ->->->->
 2019-03-14__14:55:11 0.90 0.33 0.11 7.50 55.84°C note

CpuLog.sh ->->->->
 2019-03-14__14:55:11 0.90 0.33 0.11 7.97 55.84°C note

CpuLog.sh ->->->->
 2019-03-14__14:55:11 0.90 0.33 0.11 27.73 55.84°C note

CpuLog.sh ->->->->
 2019-03-14__14:55:11 0.90 0.33 0.11 20.59 55.84°C note

CpuLog.sh ->->->->
 2019-03-14__14:55:11 0.90 0.33 0.11 20.30 56.38°C note

CpuLog.sh ->->->->
 2019-03-14__14:55:12 0.90 0.33 0.11 19.41 56.38°C note

CpuLog.sh ->->->->
 2019-03-14__14:55:12 0.90 0.33 0.11 17.83 56.38°C note

CpuLog.sh ->->->->
 2019-03-14__14:55:12 0.90 0.33 0.11 19.33 56.38°C note

CpuLog.sh ->->->->
 2019-03-14__14:55:13 0.90 0.33 0.11 5.32 55.30°C note

CpuLog.sh ->->->->
 2019-03-14__14:55:13 0.90 0.33 0.11 14.29 55.84°C note

CpuLog.sh ->->->->
 2019-03-14__14:55:13 0.90 0.33 0.11 13.73 55.84°C note

CpuLog.sh ->->->->
 2019-03-14__14:55:13 0.90 0.33 0.11 15.79 55.84°C note

CpuLog.sh ->->->->
 2019-03-14__14:55:14 0.90 0.33 0.11 14.98 55.84°C note

CpuLog.sh ->->->->
 2019-03-14__14:55:14 0.90 0.33 0.11 28.23 56.38°C note

CpuLog.sh ->->->->
 2019-03-14__14:55:14 0.91 0.34 0.12 24.16 56.38°C note

CpuLog.sh ->->->->
 2019-03-14__14:55:14 0.91 0.34 0.12 23.04 56.38°C note

CpuLog.sh ->->->->
 2019-03-14__14:55:15 0.91 0.34 0.12 11.60 56.92°C note

CpuLog.sh ->->->->
 2019-03-14__14:55:15 0.91 0.34 0.12 13.34 56.92°C note

CpuLog.sh ->->->->
 2019-03-14__14:55:15 0.91 0.34 0.12 18.41 56.38°C note

CpuLog.sh ->->->->
 2019-03-14__14:55:16 0.91 0.34 0.12 19.81 56.38°C note

CpuLog.sh ->->->->
 2019-03-14__14:55:16 0.91 0.34 0.12 18.41 56.38°C note

CpuLog.sh ->->->->
 2019-03-14__14:55:16 0.91 0.34 0.12 24.02 56.92°C note

CpuLog.sh ->->->->
 2019-03-14__14:55:17 0.91 0.34 0.12 8.96 56.38°C note

CpuLog.sh ->->->->
 2019-03-14__14:55:17 0.91 0.34 0.12 8.96 56.38°C note

CpuLog.sh ->->->->
 2019-03-14__14:55:17 0.91 0.34 0.12 15.28 56.38°C note

CpuLog.sh ->->->->
 2019-03-14__14:55:17 0.91 0.34 0.12 19.31 55.84°C note

CpuLog.sh ->->->->
 2019-03-14__14:55:17 0.91 0.34 0.12 18.91 55.84°C note

CpuLog.sh ->->->->
 2019-03-14__14:55:18 0.91 0.34 0.12 26.61 56.92°C note

CpuLog.sh ->->->->
 2019-03-14__14:55:18 0.91 0.34 0.12 28.08 56.38°C note

CpuLog.sh ->->->->
 2019-03-14__14:55:18 0.91 0.34 0.12 18.94 56.38°C note

CpuLog.sh ->->->->
 2019-03-14__14:55:18 0.91 0.34 0.12 12.32 56.92°C note

CpuLog.sh ->->->->
 2019-03-14__14:55:18 0.91 0.34 0.12 15.32 56.92°C note

CpuLog.sh ->->->->
 2019-03-14__14:55:19 0.91 0.34 0.12 25.50 56.92°C note

CpuLog.sh ->->->->
 2019-03-14__14:55:19 0.91 0.34 0.12 26.61 56.92°C note

CpuLog.sh ->->->->
 2019-03-14__14:55:19 0.99 0.37 0.13 22.71 56.92°C note

CpuLog.sh ->->->->
 2019-03-14__14:55:20 0.99 0.37 0.13 17.65 56.92°C note

CpuLog.sh ->->->->
 2019-03-14__14:55:20 0.99 0.37 0.13 15.43 56.92°C note

CpuLog.sh ->->->->
 2019-03-14__14:55:20 0.99 0.37 0.13 23.68 56.38°C note

CpuLog.sh ->->->->
 2019-03-14__14:55:20 0.99 0.37 0.13 22.12 56.38°C note

CpuLog.sh ->->->->
 2019-03-14__14:55:21 0.99 0.37 0.13 8.74 56.92°C note

CpuLog.sh ->->->->
 2019-03-14__14:55:21 0.99 0.37 0.13 16.67 56.38°C note

CpuLog.sh ->->->->
 2019-03-14__14:55:21 0.99 0.37 0.13 8.42 56.92°C note

CpuLog.sh ->->->->
 2019-03-14__14:55:21 0.99 0.37 0.13 9.81 55.84°C note

CpuLog.sh ->->->->
 2019-03-14__14:55:22 0.99 0.37 0.13 26.77 56.92°C note

CpuLog.sh ->->->->
 2019-03-14__14:55:22 0.99 0.37 0.13 21.85 56.38°C note

CpuLog.sh ->->->->
 2019-03-14__14:55:22 0.99 0.37 0.13 20.69 56.92°C note

CpuLog.sh ->->->->
 2019-03-14__14:55:22 0.99 0.37 0.13 19.10 56.92°C note

CpuLog.sh ->->->->
 2019-03-14__14:55:22 0.99 0.37 0.13 19.00 57.45°C note

CpuLog.sh ->->->->
 2019-03-14__14:55:23 0.99 0.37 0.13 23.53 56.92°C note

CpuLog.sh ->->->->
 2019-03-14__14:55:23 0.99 0.37 0.13 5.92 56.38°C note

CpuLog.sh ->->->->
 2019-03-14__14:55:24 0.99 0.37 0.13 4.86 56.38°C note

CpuLog.sh ->->->->
 2019-03-14__14:55:24 1.23 0.43 0.15 13.44 57.45°C note

CpuLog.sh ->->->->
 2019-03-14__14:55:24 1.23 0.43 0.15 12.70 56.92°C note

CpuLog.sh ->->->->
 2019-03-14__14:55:24 1.23 0.43 0.15 12.76 56.92°C note

CpuLog.sh ->->->->
 2019-03-14__14:55:24 1.23 0.43 0.15 13.78 56.92°C note

CpuLog.sh ->->->->
 2019-03-14__14:55:25 1.23 0.43 0.15 31.13 56.92°C note

CpuLog.sh ->->->->
 2019-03-14__14:55:25 1.23 0.43 0.15 23.79 56.92°C note

CpuLog.sh ->->->->
 2019-03-14__14:55:25 1.23 0.43 0.15 22.50 56.92°C note

CpuLog.sh ->->->->
 2019-03-14__14:55:26 1.23 0.43 0.15 11.85 56.92°C note

CpuLog.sh ->->->->
 2019-03-14__14:55:25 1.23 0.43 0.15 11.85 56.92°C note

CpuLog.sh ->->->->
 2019-03-14__14:55:26 1.23 0.43 0.15 32.86 56.92°C note

CpuLog.sh ->->->->
 2019-03-14__14:55:26 1.23 0.43 0.15 26.45 56.92°C note

CpuLog.sh ->->->->
 2019-03-14__14:55:26 1.23 0.43 0.15 24.16 56.92°C note

CpuLog.sh ->->->->
 2019-03-14__14:55:27 1.23 0.43 0.15 19.44 56.92°C note

CpuLog.sh ->->->->
 2019-03-14__14:55:27 1.23 0.43 0.15 23.19 57.45°C note

CpuLog.sh ->->->->
 2019-03-14__14:55:27 1.23 0.43 0.15 9.71 56.92°C note

CpuLog.sh ->->->->
 2019-03-14__14:55:27 1.23 0.43 0.15 11.06 56.92°C note

CpuLog.sh ->->->->
 2019-03-14__14:55:27 1.23 0.43 0.15 9.96 57.99°C note

CpuLog.sh ->->->->
 2019-03-14__14:55:28 1.23 0.43 0.15 26.70 56.92°C note

CpuLog.sh ->->->->
 2019-03-14__14:55:28 1.23 0.43 0.15 27.67 57.45°C note

CpuLog.sh ->->->->
 2019-03-14__14:55:28 1.23 0.43 0.15 25.99 57.99°C note

CpuLog.sh ->->->->
 2019-03-14__14:55:28 1.23 0.43 0.15 27.67 57.99°C note

CpuLog.sh ->->->->
 2019-03-14__14:55:29 1.23 0.43 0.15 32.86 57.45°C note

CpuLog.sh ->->->->
 2019-03-14__14:55:29 1.23 0.43 0.15 22.12 57.99°C note

CpuLog.sh ->->->->
 2019-03-14__14:55:29 1.23 0.43 0.15 12.50 57.99°C note

CpuLog.sh ->->->->
 2019-03-14__14:55:29 1.46 0.49 0.17 25.25 57.99°C note

CpuLog.sh ->->->->
 2019-03-14__14:55:30 1.46 0.49 0.17 31.04 57.99°C note

CpuLog.sh ->->->->
 2019-03-14__14:55:30 1.46 0.49 0.17 25.13 57.99°C note

CpuLog.sh ->->->->
 2019-03-14__14:55:30 1.46 0.49 0.17 20.88 57.99°C note

CpuLog.sh ->->->->
 2019-03-14__14:55:30 1.46 0.49 0.17 16.26 57.99°C note

CpuLog.sh ->->->->
 2019-03-14__14:55:30 1.46 0.49 0.17 14.86 57.99°C note

CpuLog.sh ->->->->
 2019-03-14__14:55:31 1.46 0.49 0.17 21.74 56.92°C note

CpuLog.sh ->->->->
 2019-03-14__14:55:31 1.46 0.49 0.17 21.74 57.99°C note

CpuLog.sh ->->->->
 2019-03-14__14:55:31 1.46 0.49 0.17 9.32 57.99°C note

CpuLog.sh ->->->->
 2019-03-14__14:55:31 1.46 0.49 0.17 11.01 57.99°C note

CpuLog.sh ->->->->
 2019-03-14__14:55:32 1.46 0.49 0.17 25.83 57.45°C note

CpuLog.sh ->->->->
 2019-03-14__14:55:32 1.46 0.49 0.17 24.41 57.99°C note

CpuLog.sh ->->->->
 2019-03-14__14:55:32 1.46 0.49 0.17 24.16 57.99°C note

CpuLog.sh ->->->->
 2019-03-14__14:55:32 1.46 0.49 0.17 28.51 57.99°C note

CpuLog.sh ->->->->
 2019-03-14__14:55:33 1.46 0.49 0.17 21.26 57.99°C note

CpuLog.sh ->->->->
 2019-03-14__14:55:33 1.46 0.49 0.17 21.16 57.99°C note

CpuLog.sh ->->->->
 2019-03-14__14:55:33 1.46 0.49 0.17 25.73 57.99°C note

CpuLog.sh ->->->->
 2019-03-14__14:55:33 1.46 0.49 0.17 27.10 58.53°C note

CpuLog.sh ->->->->
 2019-03-14__14:55:34 1.46 0.49 0.17 48.52 58.53°C note

CpuLog.sh ->->->->
 2019-03-14__14:55:34 1.46 0.49 0.17 5.34 57.99°C note

CpuLog.sh ->->->->
 2019-03-14__14:55:34 1.46 0.49 0.17 2.47 57.99°C note

CpuLog.sh ->->->->
 2019-03-14__16:18:05 0.25 0.10 0.03 1.46 49.92°C normal

CpuLog.sh ->->->->
 2019-03-14__16:18:16 0.21 0.09 0.03 0.98 49.38°C normal

CpuLog.sh ->->->->
 2019-03-14__16:18:22 0.19 0.09 0.03 1.45 49.38°C normal

2019-03-14__16:46:50 0.21 0.29 0.18 0.98 51.54°C note

2019-03-14__16:46:53 0.19 0.28 0.18 1.45 50.46°C note

2019-03-14__16:46:56 0.19 0.28 0.18 0.50 50.46°C note

2019-03-14__16:47:29 0.11 0.25 0.17 0.99 52.07°C note

2019-03-14__16:47:32 0.11 0.25 0.17 1.45 51.54°C note

2019-03-14__16:47:35 0.10 0.24 0.17 1.47 50.46°C note

2019-03-14__16:47:38 0.09 0.24 0.17 1.94 50.46°C note

2019-03-14__16:47:40 0.09 0.24 0.17 1.92 51.54°C note

2019-03-14__16:47:41 0.09 0.24 0.17 1.45 50.46°C note

2019-03-14__16:47:43 0.08 0.23 0.17 6.97 51.54°C note

2019-03-14__16:47:44 0.08 0.23 0.17 2.43 51.00°C note

2019-03-14__16:47:46 0.08 0.23 0.17 1.46 51.54°C note

2019-03-14__16:47:47 0.08 0.23 0.17 0.50 51.54°C note

2019-03-14__16:47:49 0.08 0.23 0.16 1.48 51.54°C note

2019-03-14__16:47:50 0.08 0.23 0.16 6.94 52.61°C note

2019-03-14__16:47:50 0.08 0.23 0.16 2.95 52.07°C note

2019-03-14__16:47:52 0.08 0.23 0.16 1.45 51.54°C note

2019-03-14__16:47:53 0.07 0.23 0.16 11.45 51.54°C note

2019-03-14__16:47:54 0.07 0.23 0.16 5.32 51.54°C note

2019-03-14__16:47:55 0.07 0.23 0.16 1.46 51.54°C note

2019-03-14__16:47:56 0.07 0.23 0.16 14.50 51.00°C note

2019-03-14__16:47:57 0.07 0.23 0.16 4.35 51.54°C note

2019-03-14__16:47:58 0.06 0.22 0.16 0.50 51.54°C note

2019-03-14__16:47:59 0.06 0.22 0.16 6.90 51.54°C note

2019-03-14__16:48:00 0.06 0.22 0.16 3.39 51.54°C note

2019-03-14__16:48:01 0.06 0.22 0.16 12.63 51.54°C note

2019-03-14__16:48:01 0.06 0.22 0.16 3.44 51.54°C note

2019-03-14__16:48:02 0.06 0.22 0.16 6.97 51.54°C note

2019-03-14__16:48:03 0.06 0.22 0.16 3.40 52.07°C note

2019-03-14__16:48:04 0.38 0.29 0.18 12.75 51.54°C note

2019-03-14__16:48:04 0.38 0.29 0.18 4.91 52.07°C note

2019-03-14__16:48:05 0.38 0.29 0.18 14.08 51.54°C note

2019-03-14__16:48:06 0.38 0.29 0.18 3.93 51.54°C note

2019-03-14__16:48:07 0.38 0.29 0.18 11.95 51.54°C note

2019-03-14__16:48:07 0.38 0.29 0.18 4.42 51.54°C note

2019-03-14__16:48:08 0.35 0.28 0.18 12.75 51.54°C note

2019-03-14__16:48:09 0.35 0.28 0.18 9.36 51.54°C note

2019-03-14__16:48:10 0.35 0.28 0.18 11.83 51.54°C note

2019-03-14__16:48:10 0.35 0.28 0.18 2.98 51.54°C note

2019-03-14__16:48:11 0.35 0.28 0.18 17.08 51.54°C note

2019-03-14__16:48:12 0.35 0.28 0.18 17.23 51.54°C note

2019-03-14__16:48:12 0.35 0.28 0.18 3.44 51.54°C note

2019-03-14__16:48:13 0.32 0.28 0.18 12.75 52.07°C note

2019-03-14__16:48:13 0.32 0.28 0.18 3.91 52.07°C note

2019-03-14__16:48:14 0.32 0.28 0.18 14.57 51.54°C note

2019-03-14__16:48:15 0.32 0.28 0.18 16.59 51.54°C note

2019-03-14__16:48:15 0.32 0.28 0.18 4.40 51.54°C note

2019-03-14__16:48:16 0.32 0.28 0.18 13.66 51.54°C note

2019-03-14__16:48:16 0.32 0.28 0.18 3.89 51.54°C note

2019-03-14__16:48:17 0.32 0.28 0.18 11.77 51.54°C note

2019-03-14__16:48:18 0.32 0.28 0.18 9.00 51.54°C note

2019-03-14__16:48:18 0.37 0.29 0.19 3.44 52.61°C note

2019-03-14__16:48:19 0.37 0.29 0.19 17.65 52.07°C note

2019-03-14__16:48:19 0.37 0.29 0.19 26.87 52.61°C note

2019-03-14__16:48:20 0.37 0.29 0.19 6.97 52.61°C note

2019-03-14__16:48:21 0.37 0.29 0.19 10.84 53.15°C note

2019-03-14__16:48:21 0.37 0.29 0.19 5.34 52.61°C note

2019-03-14__16:48:22 0.37 0.29 0.19 19.03 52.07°C note

2019-03-14__16:48:22 0.37 0.29 0.19 14.78 52.07°C note

2019-03-14__16:48:23 0.37 0.29 0.19 4.42 52.61°C note

2019-03-14__16:48:23 0.34 0.28 0.18 14.01 52.61°C note

2019-03-14__16:48:24 0.34 0.28 0.18 17.57 52.61°C note

2019-03-14__16:48:24 0.34 0.28 0.18 4.88 52.61°C note

2019-03-14__17:13:02 0.00 0.03 0.06 1.45 49.92°C normal

2019-03-14__17:13:05 0.00 0.03 0.06 1.48 49.38°C normal

2019-03-14__17:13:08 0.00 0.03 0.05 1.94 49.38°C normal

2019-03-14__17:13:11 0.00 0.03 0.05 0.49 49.92°C normal

2019-03-14__17:13:13 0.00 0.03 0.05 0.50 49.92°C normal

2019-03-14__17:13:14 0.00 0.03 0.05 0.50 50.46°C note

2019-03-14__17:13:16 0.00 0.03 0.05 1.47 49.38°C normal

2019-03-14__17:13:17 0.00 0.03 0.05 1.93 49.92°C normal

2019-03-14__17:13:19 0.00 0.03 0.05 1.00 49.92°C normal

2019-03-14__17:13:20 0.00 0.03 0.05 1.46 49.38°C normal

2019-03-14__17:13:22 0.00 0.03 0.05 2.43 49.38°C normal

2019-03-14__17:13:23 0.00 0.03 0.05 12.75 49.92°C normal

2019-03-14__17:13:24 0.00 0.03 0.05 3.91 49.92°C normal

2019-03-14__17:13:25 0.00 0.03 0.05 0.50 49.92°C normal

2019-03-14__17:13:26 0.00 0.03 0.05 12.57 49.92°C normal

2019-03-14__17:13:27 0.00 0.03 0.05 3.40 49.92°C normal

2019-03-14__17:13:28 0.00 0.03 0.05 1.46 50.46°C note

2019-03-14__17:13:29 0.00 0.03 0.05 12.57 50.46°C note

2019-03-14__17:13:30 0.00 0.03 0.05 2.47 50.46°C note

2019-03-14__17:13:31 0.00 0.03 0.05 1.93 49.92°C normal

2019-03-14__17:13:32 0.00 0.03 0.05 13.24 50.46°C note

2019-03-14__17:13:33 0.00 0.03 0.05 4.86 50.46°C note

2019-03-14__17:13:34 0.00 0.03 0.05 13.66 49.92°C normal

2019-03-14__17:13:34 0.00 0.03 0.05 7.81 50.46°C note

>>>>>>> d3850d090465df8b65263946c37f0a24e7b27927
