[1m[43;34mmeng[0m : 登录成功，您的用户名为: meng .
<<<<<<< HEAD
[1m[43;34m[0m : 聊天室好友  meng 上线了，快和 meng 打个招呼吧！ 当前在线人数 1 .
[1m[43;34mmeng[0m : hji
[1m[43;34mmeng[0m : hi
[1m[43;34mmeng[0m : hello
[1m[43;34msu[0m : 登录成功，您的用户名为: su .
[1m[43;34m[0m : 聊天室好友  su 上线了，快和 su 打个招呼吧！ 当前在线人数 1 .
[1m[43;34msu[0m : hi
[1m[43;34msu[0m : i am here
[1m[43;34m[0m : meng 您已登录服务器!

[1m[43;34m[0m : meng 您已登录服务器!

[1m[43;34mmeng[0m : hi
[1m[43;34mmeng[0m : hello
[1m[43;34m[0m : hi 您已登录服务器!

[1m[43;34m[0m : hi 您已登录服务器!

[1m[43;34mmeng[0m : fd
[1m[43;34m[0m : hi 您已登录服务器!

[1m[43;34m[0m : hi 您已登录服务器!

[1m[43;34mhi[0m : hi
[1m[43;34m[0m : meng 您已登录服务器!

[1m[43;34mmeng[0m : cli
[1m[43;34m[0m : meng 您已登录服务器!

[1m[43;34m[0m : meng 您已登录服务器!

[1m[43;34m[0m : -
[1m[43;34m[0m : meng 您已登录服务器!

[1m[43;34m[0m : meng 您已登录服务器!

[1m[43;34m[0m : -
[1m[43;34mmeng[0m : hi
[1m[43;34mmeng[0m : hellow
[1m[43;34mmeng[0m : hi
[1m[43;34mmeng[0m : jfosi
[1m[43;34m[0m : -
[1m[43;34m[0m : meng 您已登录服务器!

[1m[43;34m[0m : meng 您已登录服务器!

[1m[43;34m[0m : meng 您已登录服务器!

[1m[43;34m[0m : meng 您已登录服务器!

[1m[43;34m[0m : meng 您已登录服务器!

[1m[43;34m[0m : meng 您已登录服务器!

[1m[43;34m[0m : meng 您已登录服务器!

[1m[43;34m[0m : meng 您已登录服务器!

[1m[43;34m[0m : meng 上线了，快来和他打个招呼吧!

[1m[43;34m[0m : meng 上线了，快来和他打个招呼吧!

[1m[43;34mmeng[0m : hihi
[1m[43;34m[0m : meng 上线了，快来和他打个招呼吧!

[1m[43;34m[0m : meng 上线了，快来和他打个招呼吧!

[1m[43;34m[0m : meng 您已登录服务器!

[1m[43;34m[0m : meng 上线了，快来和他打个招呼吧!

[1m[43;34m[0m : meng 您已登录服务器!

[1m[43;34m[0m : meng 上线了，快来和他打个招呼吧!

[1m[43;34mmeng[0m : hi
[1m[43;34m[0m : meng 您已登录服务器!

[1m[43;34m[0m : meng 上线了，快来和他打个招呼吧!

[1m[43;34mmeng[0m : hi
[1m[43;34mmeng[0m : hello
[1m[43;34mmeng[0m : hahah
[1m[43;34m[0m : -
[1m[43;34mmeng[0m : iii
[1m[43;34mmeng[0m : hi
[1m[43;34mmeng[0m : [A[A[A
[1m[43;34m[0m : mengdi 上线了，快来和他打个招呼吧!

[1m[43;34m[0m : mengdi 您已登录服务器!

[1m[43;34m[0m : mengdi 上线了，快来和他打个招呼吧!

[1m[43;34mmengdi[0m : hi
[1m[43;34mmengdi[0m : hi
[1m[43;34mmengdi[0m : @meng hi
[1m[43;34mmengdi[0m : @meng hellow
[1m[43;34m[0m : haizei 您已登录服务器!

[1m[43;34m[0m : haizei 上线了，快来和他打个招呼吧!

[1m[43;34m[0m : haizei 上线了，快来和他打个招呼吧!

[1m[43;34m[0m : haizei 上线了，快来和他打个招呼吧!

[1m[43;34mhaizei[0m : @meng hello
[1m[43;34mmeng[0m : @haizei hi
[1m[43;34m[0m : -
=======
[1m[43;34m[0m : 聊天室好友  meng 上线了，快和 meng 打个招呼吧！ 当前在线人数 3 .
[1m[43;34mmeng[0m : hi
[1m[43;34mmeng[0m : 登录成功，您的用户名为: meng .
[1m[43;34m[0m : 聊天室好友  meng 上线了，快和 meng 打个招呼吧！ 当前在线人数 3 .
[1m[43;34mmeng[0m : hi
[1m[43;34mmeng[0m : 1
[1m[43;34mmeng[0m : 2
[1m[43;34mmeng[0m : 3
[1m[43;34mmeng[0m : 1
[1m[43;34mmeng[0m登录成功，您的用户名为: meng .
[1m[43;34m[0m聊天室好友  meng 上线了，快和 meng 打个招呼吧！ 当前在线人数 3 .
[1m[43;34mmeng[0mhi
[1m[43;34mmeng[0m登录成功，您的用户名为: meng . : 
[1m[43;34m[0m聊天室好友  meng 上线了，快和 meng 打个招呼吧！ 当前在线人数 2 . : 
[1m[43;34mmeng[0mfjs : 
[1m[43;34mmeng[0m登录成功，您的用户名为: meng . : 
[1m[43;34m[0m聊天室好友  meng 上线了，快和 meng 打个招呼吧！ 当前在线人数 7 . : 
[1m[43;34mmeng[0mji : 
[1m[43;34mmeng[0mjfwoei : 
[1m[43;34m二[0masdsadasddasd : 
[1m[43;34m小猪佩奇[0masdsadasddasd : 
[1m[43;34m小狗[0masdsadasddasd : 
[1m[43;34m麻子[0masdsadasddasd : 
[1m[43;34m小猫[0masdsadasddasd : 
[1m[43;34mmeng[0msdf : 
[1m[43;34mmeng[0mjflsd : 
[1m[43;34mmeng[0mlsdjf : 
[1m[43;34mmeng[0mjsldfj : 
[1m[43;34mmeng[0mjdflsdj : 
[1m[43;34m[0mmeng 您已登录服务器!
 : 
[1m[43;34m[0mmeng 您已登录服务器!
 : 
[1m[43;34mmeng[0mhi : 
[1m[43;34mmeng[0mhello : 
[1m[43;34m[0mhi 您已登录服务器!
 : 
[1m[43;34mmeng[0mfd : 
[1m[43;34m[0mmeng 您已登录服务器!
 : 
[1m[43;34m[0mmeng 您已登录服务器!
 : 
[1m[43;34mmeng[0mcli : 
[1m[43;34m[0m已存在!
 : 
[1m[43;34mhello[0m : 
[1m[43;34mhello[0m : 
[1m[43;34mhello[0m : 
[1m[43;34mhello[0m : 
[1m[43;34mhello[0m : 
[1m[43;34mhello[0m : 
[1m[43;34mhello[0m : 
[1m[43;34mhello[0m : 
[1m[43;34mhello[0m : 
[1m[43;34mhello[0m : 
[1m[43;34mhello[0m : 
[1m[43;34mhello[0m : 
>>>>>>> d3850d090465df8b65263946c37f0a24e7b27927
